Initial Inequalities:
Octagonal Formula: - x_1 <= -40
Octagonal Formula: + x_3 - x_1 <= 38
Octagonal Formula: + x_5 <= -32
Octagonal Formula: + x_5 - x_1 <= -47
Octagonal Formula: + x_5 + x_2 <= -16
Octagonal Formula: + x_5 + x_4 <= 11
Octagonal Formula: - x_6 - x_5 <= -37
Octagonal Formula: + x_6 + x_3 <= 4
Octagonal Formula: - x_7 + x_0 <= -2
Octagonal Formula: - x_7 - x_2 <= 19
Octagonal Formula: - x_7 - x_3 <= -27
Octagonal Formula: + x_7 + x_0 <= -37
Octagonal Formula: + x_7 - x_2 <= -12
Octagonal Formula: + x_7 - x_4 <= 15
Octagonal Formula: - x_8 + x_2 <= -1
Octagonal Formula: - x_8 + x_4 <= -30
Octagonal Formula: + x_8 - x_7 <= 38
Octagonal Formula: + x_8 + x_7 <= -9
Octagonal Formula: - x_9 + x_1 <= -25
Octagonal Formula: - x_9 + x_4 <= -23
Octagonal Formula: - x_9 - x_6 <= 27
Octagonal Formula: + x_9 + x_0 <= 42
Octagonal Formula: + x_9 + x_1 <= 32
Octagonal Formula: + x_9 + x_5 <= 32
Octagonal Formula: - x_10 - x_0 <= -35
Octagonal Formula: - x_10 - x_2 <= 2
Octagonal Formula: - x_10 + x_2 <= -31
Octagonal Formula: - x_10 + x_5 <= 19
Octagonal Formula: - x_10 + x_7 <= 35
Octagonal Formula: - x_10 - x_8 <= 43
Octagonal Formula: + x_10 - x_3 <= 45
Octagonal Formula: + x_10 - x_4 <= -26
Octagonal Formula: - x_11 + x_0 <= -18
Octagonal Formula: + x_11 - x_3 <= -19
Octagonal Formula: - x_12 + x_6 <= -10
Octagonal Formula: + x_12 + x_7 <= 48
Octagonal Formula: + x_12 + x_10 <= 25
Octagonal Formula: + x_12 - x_11 <= 1
Octagonal Formula: - x_13 - x_5 <= -19
Octagonal Formula: - x_13 + x_9 <= -2
Octagonal Formula: + x_13 - x_3 <= -20
Octagonal Formula: + x_13 + x_9 <= 30
Octagonal Formula: + x_13 + x_11 <= 1
Octagonal Formula: + x_13 + x_12 <= -22
Octagonal Formula: - x_14 + x_2 <= 46
Octagonal Formula: - x_14 - x_10 <= 16
Octagonal Formula: + x_14 - x_2 <= -32
Octagonal Formula: - x_15 - x_9 <= -40
Octagonal Formula: - x_15 - x_14 <= -44
Octagonal Formula: + x_15 + x_6 <= 15
Octagonal Formula: + x_16 - x_0 <= -14
Octagonal Formula: + x_16 + x_1 <= -31
Octagonal Formula: + x_16 - x_9 <= -4
Octagonal Formula: - x_17 + x_1 <= 6
Octagonal Formula: - x_17 - x_4 <= -19
Octagonal Formula: - x_17 - x_9 <= 12
Octagonal Formula: + x_17 + x_5 <= -48
Octagonal Formula: + x_17 + x_16 <= 28
Octagonal Formula: - x_18 <= 41
Octagonal Formula: - x_18 - x_0 <= -42
Octagonal Formula: - x_18 - x_1 <= -16
Octagonal Formula: - x_18 - x_9 <= 32
Octagonal Formula: - x_18 + x_9 <= 16
Octagonal Formula: + x_18 + x_7 <= -41
Octagonal Formula: - x_19 + x_2 <= -44
Octagonal Formula: - x_19 - x_16 <= 41
Octagonal Formula: + x_19 <= -49
Octagonal Formula: + x_19 + x_0 <= 47
Octagonal Formula: + x_20 + x_3 <= 19
Octagonal Formula: + x_20 + x_4 <= 30
Octagonal Formula: + x_20 + x_6 <= -33
Octagonal Formula: + x_20 - x_11 <= 1
Octagonal Formula: + x_20 + x_11 <= -25
Octagonal Formula: - x_21 + x_1 <= 22
Octagonal Formula: - x_21 + x_11 <= 15
Octagonal Formula: + x_21 - x_6 <= -33
Octagonal Formula: - x_22 + x_2 <= -31
Octagonal Formula: - x_22 + x_9 <= -34
Octagonal Formula: - x_22 - x_10 <= -25
Octagonal Formula: - x_22 + x_13 <= -1
Octagonal Formula: - x_23 - x_6 <= 2
Octagonal Formula: - x_23 - x_10 <= -21
Octagonal Formula: + x_23 + x_9 <= -22
Octagonal Formula: + x_23 - x_20 <= 2
Octagonal Formula: - x_24 - x_2 <= 30
Octagonal Formula: - x_25 + x_17 <= -43
Octagonal Formula: + x_25 + x_19 <= 4
Octagonal Formula: - x_26 - x_7 <= -33
Octagonal Formula: - x_26 + x_18 <= -16
Octagonal Formula: + x_26 - x_2 <= 37
Octagonal Formula: + x_26 + x_9 <= -42
Octagonal Formula: + x_26 - x_11 <= -9
Octagonal Formula: + x_26 + x_16 <= -22
Octagonal Formula: - x_27 + x_3 <= -28
Octagonal Formula: + x_27 - x_1 <= -43
Octagonal Formula: + x_27 - x_10 <= -23
Octagonal Formula: + x_27 + x_10 <= -28
Octagonal Formula: - x_28 + x_4 <= -24
Octagonal Formula: + x_28 - x_2 <= -21
Octagonal Formula: - x_29 - x_15 <= -37
Octagonal Formula: - x_29 + x_28 <= -46
Octagonal Formula: + x_29 + x_7 <= -41
Octagonal Formula: - x_30 + x_8 <= 19
Octagonal Formula: - x_30 + x_9 <= 21
Octagonal Formula: - x_30 + x_13 <= 20
Octagonal Formula: - x_30 + x_17 <= 11
Octagonal Formula: - x_30 - x_18 <= -39
Octagonal Formula: - x_30 + x_26 <= -4
Octagonal Formula: + x_30 + x_14 <= 11
Octagonal Formula: - x_31 - x_5 <= -37
Octagonal Formula: - x_31 - x_13 <= 42
Octagonal Formula: - x_31 + x_26 <= -45
Octagonal Formula: + x_31 - x_11 <= -8
Octagonal Formula: - x_32 + x_4 <= 23
Octagonal Formula: - x_32 - x_8 <= -46
Octagonal Formula: + x_32 + x_6 <= 32
Octagonal Formula: - x_33 + x_10 <= 29
Octagonal Formula: - x_33 + x_28 <= 26
Octagonal Formula: + x_33 + x_13 <= -18
Octagonal Formula: + x_34 <= -1
Octagonal Formula: + x_34 + x_1 <= -40
Octagonal Formula: + x_35 + x_28 <= -1
Octagonal Formula: - x_36 + x_1 <= 2
Octagonal Formula: - x_36 - x_7 <= -38
Octagonal Formula: + x_36 + x_23 <= -34
Octagonal Formula: - x_37 + x_21 <= 39
Octagonal Formula: + x_37 + x_9 <= -8
Octagonal Formula: - x_38 + x_13 <= -32
Octagonal Formula: - x_38 - x_26 <= -45
Octagonal Formula: + x_38 - x_4 <= 17
Octagonal Formula: + x_38 - x_18 <= 39
Octagonal Formula: - x_39 + x_19 <= 41
Octagonal Formula: - x_39 + x_29 <= 42
Octagonal Formula: + x_39 - x_37 <= 30
Octagonal Formula: - x_40 + x_25 <= 23
Octagonal Formula: - x_40 - x_26 <= 40
Octagonal Formula: + x_40 - x_4 <= 15
Octagonal Formula: + x_40 + x_6 <= -7
Octagonal Formula: - x_41 - x_1 <= -24
Octagonal Formula: - x_41 - x_2 <= 46
Octagonal Formula: - x_41 + x_22 <= 46
Octagonal Formula: + x_41 + x_13 <= -16
Octagonal Formula: + x_41 + x_16 <= -38
Octagonal Formula: + x_41 - x_21 <= -10
Octagonal Formula: + x_41 + x_37 <= -23
Octagonal Formula: - x_42 - x_35 <= -11
Octagonal Formula: + x_42 - x_24 <= -17
Octagonal Formula: + x_42 - x_33 <= 23
Octagonal Formula: - x_43 + x_7 <= 4
Octagonal Formula: + x_43 <= -8
Octagonal Formula: + x_43 - x_1 <= 7
Octagonal Formula: + x_43 + x_12 <= 20
Octagonal Formula: + x_43 + x_20 <= 41

Eliminating variable x_15
Taking inequalities:
Octagonal Formula: + x_15 + x_6 <= 15
Octagonal Formula: - x_15 - x_9 <= -40
To produce this
Octagonal Formula: - x_9 + x_6 <= -25

Taking inequalities:
Octagonal Formula: + x_15 + x_6 <= 15
Octagonal Formula: - x_29 - x_15 <= -37
To produce this
Octagonal Formula: - x_29 + x_6 <= -22

After Eliminating Variable x_15
Octagonal Formula: - x_1 <= -40
Octagonal Formula: + x_3 - x_1 <= 38
Octagonal Formula: + x_5 <= -32
Octagonal Formula: + x_5 - x_1 <= -47
Octagonal Formula: + x_5 + x_2 <= -16
Octagonal Formula: + x_5 + x_4 <= 11
Octagonal Formula: - x_6 - x_5 <= -37
Octagonal Formula: + x_6 + x_3 <= 4
Octagonal Formula: - x_7 + x_0 <= -2
Octagonal Formula: - x_7 - x_2 <= 19
Octagonal Formula: - x_7 - x_3 <= -27
Octagonal Formula: + x_7 + x_0 <= -37
Octagonal Formula: + x_7 - x_2 <= -12
Octagonal Formula: + x_7 - x_4 <= 15
Octagonal Formula: - x_8 + x_2 <= -1
Octagonal Formula: - x_8 + x_4 <= -30
Octagonal Formula: + x_8 - x_7 <= 38
Octagonal Formula: + x_8 + x_7 <= -9
Octagonal Formula: - x_9 + x_1 <= -25
Octagonal Formula: - x_9 + x_4 <= -23
Octagonal Formula: - x_9 - x_6 <= 27
Octagonal Formula: - x_9 + x_6 <= -25
Octagonal Formula: + x_9 + x_0 <= 42
Octagonal Formula: + x_9 + x_1 <= 32
Octagonal Formula: + x_9 + x_5 <= 32
Octagonal Formula: - x_10 - x_0 <= -35
Octagonal Formula: - x_10 - x_2 <= 2
Octagonal Formula: - x_10 + x_2 <= -31
Octagonal Formula: - x_10 + x_5 <= 19
Octagonal Formula: - x_10 + x_7 <= 35
Octagonal Formula: - x_10 - x_8 <= 43
Octagonal Formula: + x_10 - x_3 <= 45
Octagonal Formula: + x_10 - x_4 <= -26
Octagonal Formula: - x_11 + x_0 <= -18
Octagonal Formula: + x_11 - x_3 <= -19
Octagonal Formula: - x_12 + x_6 <= -10
Octagonal Formula: + x_12 + x_7 <= 48
Octagonal Formula: + x_12 + x_10 <= 25
Octagonal Formula: + x_12 - x_11 <= 1
Octagonal Formula: - x_13 - x_5 <= -19
Octagonal Formula: - x_13 + x_9 <= -2
Octagonal Formula: + x_13 - x_3 <= -20
Octagonal Formula: + x_13 + x_9 <= 30
Octagonal Formula: + x_13 + x_11 <= 1
Octagonal Formula: + x_13 + x_12 <= -22
Octagonal Formula: - x_14 + x_2 <= 46
Octagonal Formula: - x_14 - x_10 <= 16
Octagonal Formula: + x_14 - x_2 <= -32
Octagonal Formula: - x_15 - x_14 <= -44
Octagonal Formula: + x_16 + x_1 <= -31
Octagonal Formula: + x_16 - x_9 <= -4
Octagonal Formula: - x_17 + x_1 <= 6
Octagonal Formula: - x_17 - x_4 <= -19
Octagonal Formula: - x_17 - x_9 <= 12
Octagonal Formula: + x_17 + x_5 <= -48
Octagonal Formula: + x_17 + x_16 <= 28
Octagonal Formula: - x_18 <= 41
Octagonal Formula: - x_18 - x_0 <= -42
Octagonal Formula: - x_18 - x_1 <= -16
Octagonal Formula: - x_18 - x_9 <= 32
Octagonal Formula: - x_18 + x_9 <= 16
Octagonal Formula: + x_18 + x_7 <= -41
Octagonal Formula: - x_19 + x_2 <= -44
Octagonal Formula: - x_19 - x_16 <= 41
Octagonal Formula: + x_19 <= -49
Octagonal Formula: + x_19 + x_0 <= 47
Octagonal Formula: + x_20 + x_3 <= 19
Octagonal Formula: + x_20 + x_4 <= 30
Octagonal Formula: + x_20 + x_6 <= -33
Octagonal Formula: + x_20 - x_11 <= 1
Octagonal Formula: + x_20 + x_11 <= -25
Octagonal Formula: - x_21 + x_1 <= 22
Octagonal Formula: - x_21 + x_11 <= 15
Octagonal Formula: + x_21 - x_6 <= -33
Octagonal Formula: - x_22 + x_2 <= -31
Octagonal Formula: - x_22 + x_9 <= -34
Octagonal Formula: - x_22 - x_10 <= -25
Octagonal Formula: - x_22 + x_13 <= -1
Octagonal Formula: - x_23 - x_6 <= 2
Octagonal Formula: - x_23 - x_10 <= -21
Octagonal Formula: + x_23 + x_9 <= -22
Octagonal Formula: + x_23 - x_20 <= 2
Octagonal Formula: - x_24 - x_2 <= 30
Octagonal Formula: - x_25 + x_17 <= -43
Octagonal Formula: + x_25 + x_19 <= 4
Octagonal Formula: - x_26 - x_7 <= -33
Octagonal Formula: - x_26 + x_18 <= -16
Octagonal Formula: + x_26 - x_2 <= 37
Octagonal Formula: + x_26 + x_9 <= -42
Octagonal Formula: + x_26 - x_11 <= -9
Octagonal Formula: + x_26 + x_16 <= -22
Octagonal Formula: - x_27 + x_3 <= -28
Octagonal Formula: + x_27 - x_1 <= -43
Octagonal Formula: + x_27 - x_10 <= -23
Octagonal Formula: + x_27 + x_10 <= -28
Octagonal Formula: - x_28 + x_4 <= -24
Octagonal Formula: + x_28 - x_2 <= -21
Octagonal Formula: - x_29 + x_6 <= -22
Octagonal Formula: - x_29 + x_28 <= -46
Octagonal Formula: + x_29 + x_7 <= -41
Octagonal Formula: - x_30 + x_8 <= 19
Octagonal Formula: - x_30 + x_9 <= 21
Octagonal Formula: - x_30 + x_13 <= 20
Octagonal Formula: - x_30 + x_17 <= 11
Octagonal Formula: - x_30 - x_18 <= -39
Octagonal Formula: - x_30 + x_26 <= -4
Octagonal Formula: + x_30 + x_14 <= 11
Octagonal Formula: - x_31 - x_5 <= -37
Octagonal Formula: - x_31 - x_13 <= 42
Octagonal Formula: - x_31 + x_26 <= -45
Octagonal Formula: + x_31 - x_11 <= -8
Octagonal Formula: - x_32 + x_4 <= 23
Octagonal Formula: - x_32 - x_8 <= -46
Octagonal Formula: + x_32 + x_6 <= 32
Octagonal Formula: - x_33 + x_10 <= 29
Octagonal Formula: - x_33 + x_28 <= 26
Octagonal Formula: + x_33 + x_13 <= -18
Octagonal Formula: + x_34 <= -1
Octagonal Formula: + x_34 + x_1 <= -40
Octagonal Formula: + x_35 + x_28 <= -1
Octagonal Formula: - x_36 + x_1 <= 2
Octagonal Formula: - x_36 - x_7 <= -38
Octagonal Formula: + x_36 + x_23 <= -34
Octagonal Formula: - x_37 + x_21 <= 39
Octagonal Formula: + x_37 + x_9 <= -8
Octagonal Formula: - x_38 + x_13 <= -32
Octagonal Formula: - x_38 - x_26 <= -45
Octagonal Formula: + x_38 - x_4 <= 17
Octagonal Formula: + x_38 - x_18 <= 39
Octagonal Formula: - x_39 + x_19 <= 41
Octagonal Formula: - x_39 + x_29 <= 42
Octagonal Formula: + x_39 - x_37 <= 30
Octagonal Formula: - x_40 + x_25 <= 23
Octagonal Formula: - x_40 - x_26 <= 40
Octagonal Formula: + x_40 - x_4 <= 15
Octagonal Formula: + x_40 + x_6 <= -7
Octagonal Formula: - x_41 - x_1 <= -24
Octagonal Formula: - x_41 - x_2 <= 46
Octagonal Formula: - x_41 + x_22 <= 46
Octagonal Formula: + x_41 + x_13 <= -16
Octagonal Formula: + x_41 + x_16 <= -38
Octagonal Formula: + x_41 - x_21 <= -10
Octagonal Formula: + x_41 + x_37 <= -23
Octagonal Formula: - x_42 - x_35 <= -11
Octagonal Formula: + x_42 - x_24 <= -17
Octagonal Formula: + x_42 - x_33 <= 23
Octagonal Formula: - x_43 + x_7 <= 4
Octagonal Formula: + x_43 <= -8
Octagonal Formula: + x_43 - x_1 <= 7
Octagonal Formula: + x_43 + x_12 <= 20
Octagonal Formula: + x_43 + x_20 <= 41
