[mk-app] #0 undef
[mk-app] #1 true
[mk-app] #2 false
[mk-app] #0 undef
[mk-app] #1 true
[mk-app] #2 false
[mk-app] #3 pi
[mk-app] #4 euler
[mk-app] #5 0^0-int
[mk-app] #6 0^0-real
[mk-app] #7 x
[mk-app] #8 y
[mk-app] #9 = #7 #8
[mk-app] #10 g #7
[mk-app] #11 g #10
[mk-app] #12 g #8
[mk-app] #13 = #11 #12
[mk-app] #14 => #9 #13
[mk-app] #15 not #14
[mk-app] #16 bv
[mk-app] #17 bv
[mk-app] #18 Int
[mk-app] #19 Real
[mk-app] #35 + #28 #26
[mk-app] #36 true-axiom #1
[attach-enode] #1 0
[attach-enode] #2 0
[attach-enode] #1 0
[attach-enode] #2 0
[attach-enode] #1 0
[attach-enode] #2 0
[attach-enode] #1 0
[attach-enode] #2 0
[attach-enode] #1 0
[attach-enode] #2 0
[attach-enode] #1 0
[attach-enode] #2 0
[attach-enode] #1 0
[attach-enode] #2 0
[mk-app] #37 asserted #15
[attach-enode] #1 0
[attach-enode] #2 0
[attach-enode] #1 0
[attach-enode] #2 0
[mk-app] #38 not #9
[mk-app] #39 or #38 #13
[mk-app] #40 iff #14 #39
[mk-app] #41 rewrite #40
[mk-app] #42 not #39
[mk-app] #43 iff #15 #42
[mk-app] #44 monotonicity #41 #43
[mk-app] #45 mp #37 #44 #42
[mk-app] #46 not-or-elim #45 #9
[mk-app] #47 not #13
[mk-app] #48 not-or-elim #45 #47
[attach-enode] #1 0
[attach-enode] #2 0
[mk-app] #49 iff #9 #9
[mk-app] #50 refl #49
[mk-app] #49 iff #47 #47
[mk-app] #50 refl #49
[begin-check] 0
[mk-app] #49 iff #9 #9
[mk-app] #50 refl #49
[mk-app] #49 iff #47 #47
[mk-app] #50 refl #49
[mk-app] #49 iff #9 #9
[mk-app] #50 refl #49
[mk-app] #49 iff #47 #47
[mk-app] #50 refl #49
[attach-enode] #7 0
[attach-enode] #8 0
[attach-enode] #9 0
[assign] #9 justification 
[attach-enode] #10 0
[attach-enode] #11 0
[attach-enode] #12 0
[attach-enode] #13 0
[assign] (not #13) justification 
[mk-app] #49 A!val!0
[mk-app] #50 A!val!1
[mk-app] #51 A!val!2
[attach-enode] #1 0
[attach-enode] #2 0
[attach-enode] #1 0
[attach-enode] #2 0
[attach-enode] #1 0
[attach-enode] #2 0
[attach-enode] #1 0
[attach-enode] #2 0
[mk-app] #3 string
[mk-app] #4 indent #3
[mk-app] #5 string
[mk-app] #3 string
[mk-app] #4 indent #3
[mk-app] #5 string
[mk-app] #3 string
[mk-app] #4 indent #3
[mk-app] #5 string
[mk-app] #3 string
[mk-app] #4 indent #3
[mk-app] #5 string
[mk-app] #3 string
[mk-app] #4 string
[mk-app] #5 string
[mk-app] #6 string
[mk-app] #7 string
[mk-app] #8 cr
[mk-app] #9 compose #8 #4
[mk-app] #10 string
[mk-app] #11 compose #7 #3 #9 #10
[mk-app] #12 indent #11
[mk-app] #13 compose #5 #6 #12
[mk-app] #14 compose #7 #4
[mk-app] #15 compose #7 #3 #14 #10
[mk-app] #16 indent #15
[mk-app] #17 compose #5 #6 #16
[mk-app] #18 choice #17 #13
[mk-app] #19 string
[mk-app] #20 compose #8 #19
[mk-app] #21 compose #7 #3 #20 #10
[mk-app] #22 indent #21
[mk-app] #23 compose #5 #6 #22
[mk-app] #24 compose #7 #19
[mk-app] #25 compose #7 #3 #24 #10
[mk-app] #26 indent #25
[mk-app] #27 compose #5 #6 #26
[mk-app] #28 choice #27 #23
[mk-app] #29 string
[mk-app] #30 compose #8 #29
[mk-app] #31 compose #7 #3 #30 #10
[mk-app] #32 indent #31
[mk-app] #33 compose #5 #6 #32
[mk-app] #34 compose #7 #29
[mk-app] #35 compose #7 #3 #34 #10
[mk-app] #36 indent #35
[mk-app] #37 compose #5 #6 #36
[mk-app] #38 choice #37 #33
[mk-app] #39 string
[mk-app] #40 compose #8 #28 #8 #38
[mk-app] #41 compose #7 #18 #40 #10
[mk-app] #42 indent #41
[mk-app] #43 compose #5 #39 #42
[mk-app] #44 compose #7 #27 #7 #37
[mk-app] #45 compose #7 #17 #44 #10
[mk-app] #46 indent #45
[mk-app] #47 compose #5 #39 #46
[mk-app] #48 choice #47 #43
[mk-app] #49 string
[mk-app] #50 string
[mk-app] #51 string
[mk-app] #52 compose #49 #51
[mk-app] #53 indent #52
[mk-app] #54 compose #50 #53
[mk-app] #55 string
[mk-app] #56 compose #8 #48
[mk-app] #57 compose #7 #54 #56 #10
[mk-app] #58 indent #57
[mk-app] #59 compose #5 #55 #58
[mk-app] #60 compose #7 #47
[mk-app] #61 compose #7 #54 #60 #10
[mk-app] #62 indent #61
[mk-app] #63 compose #5 #55 #62
[mk-app] #64 choice #63 #59
[mk-app] #65 indent #64
[mk-app] #49 string
[mk-app] #55 indent #49
[mk-app] #50 string
[mk-app] #49 string
[mk-app] #55 string
[mk-app] #49 string
[mk-app] #55 indent #49
[mk-app] #50 string
[mk-app] #49 string
[mk-app] #55 string
[mk-app] #49 string
[mk-app] #55 string
[mk-app] #50 string
[mk-app] #51 string
[mk-app] #52 compose #51 #55
[mk-app] #53 indent #52
[mk-app] #54 cr
[mk-app] #39 compose #54 #50
[mk-app] #5 string
[mk-app] #6 compose #39 #5
[mk-app] #3 indent #6
[mk-app] #7 compose #53 #3
[mk-app] #4 string
[mk-app] #14 compose #4 #50
[mk-app] #10 compose #14 #5
[mk-app] #15 indent #10
[mk-app] #16 compose #53 #15
[mk-app] #17 choice #16 #7
[mk-app] #19 compose #51 #17
[mk-app] #24 indent #19
[mk-app] #25 compose
[mk-app] #26 compose #25 #5
[mk-app] #27 indent #26
[mk-app] #29 compose #24 #27
[mk-app] #34 compose #51 #16
[mk-app] #35 indent #34
[mk-app] #36 compose #35 #27
[mk-app] #37 choice #36 #29
[mk-app] #44 string
[mk-app] #45 string
[mk-app] #46 compose #54 #44
[mk-app] #47 compose #4 #55 #46 #5
[mk-app] #60 indent #47
[mk-app] #61 compose #51 #45 #60
[mk-app] #62 compose #4 #44
[mk-app] #63 compose #4 #55 #62 #5
[mk-app] #8 indent #63
[mk-app] #9 compose #51 #45 #8
[mk-app] #11 choice #9 #61
[mk-app] #12 string
[mk-app] #13 indent #11
[mk-app] #18 compose #54 #49
[mk-app] #20 indent #18
[mk-app] #21 compose #12 #13 #20
[mk-app] #22 compose #4 #49
[mk-app] #23 indent #22
[mk-app] #28 indent #9
[mk-app] #30 compose #12 #28 #23
[mk-app] #31 choice #30 #21
[mk-app] #32 string
[mk-app] #33 compose #54 #32
[mk-app] #38 compose #4 #55 #33 #5
[mk-app] #40 indent #38
[mk-app] #41 compose #51 #45 #40
[mk-app] #42 compose #4 #32
[mk-app] #43 compose #4 #55 #42 #5
[mk-app] #48 indent #43
[mk-app] #56 compose #51 #45 #48
[mk-app] #57 choice #56 #41
[mk-app] #58 indent #57
[mk-app] #59 indent #46
[mk-app] #64 compose #12 #58 #59
[mk-app] #65 indent #62
[mk-app] #66 indent #56
[mk-app] #67 compose #12 #66 #65
[mk-app] #68 choice #67 #64
[mk-app] #69 compose #31 #54 #68 #20 #5 #5
[mk-app] #70 string
[mk-app] #71 string
[mk-app] #72 compose #37 #4 #50
[mk-app] #73 compose #70 #71 #4 #72
[mk-app] #74 compose #54 #69 #5
[mk-app] #75 indent #74
[mk-app] #76 compose #73 #75
[mk-app] #77 indent #76
[attach-enode] #1 0
[attach-enode] #2 0
[attach-enode] #1 0
[attach-enode] #2 0
[eof]
