[mk-app] #0 undef
[mk-app] #1 true
[mk-app] #2 false
[mk-app] #0 undef
[mk-app] #1 true
[mk-app] #2 false
[mk-app] #3 pi
[mk-app] #4 euler
[mk-app] #5 0^0-int
[mk-app] #6 0^0-real
[mk-app] #7 a
[mk-app] #8 f #7
[mk-app] #9 u
[mk-app] #10 = #8 #9
[mk-app] #11 b
[mk-app] #12 f #11
[mk-app] #13 c
[mk-app] #14 = #12 #13
[mk-app] #15 f #13
[mk-app] #16 = #15 #9
[mk-app] #17 d
[mk-app] #18 f #17
[mk-app] #19 = #18 #17
[mk-app] #20 and #10 #14 #16 #19
[mk-app] #21 g #7
[mk-app] #22 v
[mk-app] #23 = #21 #22
[mk-app] #24 g #17
[mk-app] #25 w
[mk-app] #26 = #24 #25
[mk-app] #27 g #22
[mk-app] #28 = #27 #11
[mk-app] #29 g #25
[mk-app] #30 = #29 #13
[mk-app] #31 = #7 #17
[mk-app] #32 distinct #13 #17
[mk-app] #33 and #23 #26 #28 #30 #31 #32
[mk-app] #34 interp #20
[mk-app] #35 and #34 #33
[mk-app] #36 not #35
[mk-app] #37 bv
[mk-app] #38 bv
[mk-app] #39 Int
[mk-app] #40 Real
[mk-app] #56 + #49 #47
[mk-app] #57 true-axiom #1
[attach-enode] #1 0
[attach-enode] #2 0
[attach-enode] #1 0
[attach-enode] #2 0
[attach-enode] #1 0
[attach-enode] #2 0
[attach-enode] #1 0
[attach-enode] #2 0
[attach-enode] #1 0
[attach-enode] #2 0
[attach-enode] #1 0
[attach-enode] #2 0
[attach-enode] #1 0
[attach-enode] #2 0
[mk-app] #58 asserted #36
[attach-enode] #1 0
[attach-enode] #2 0
[attach-enode] #1 0
[attach-enode] #2 0
[mk-app] #59 = #13 #17
[mk-app] #60 not #59
[mk-app] #61 iff #32 #60
[mk-app] #62 rewrite #61
[mk-app] #63 and #23 #26 #28 #30 #31 #60
[mk-app] #64 iff #33 #63
[mk-app] #65 monotonicity #62 #64
[mk-app] #66 and #34 #63
[mk-app] #67 iff #35 #66
[mk-app] #68 monotonicity #65 #67
[mk-app] #69 and #34 #23 #26 #28 #30 #31 #60
[mk-app] #70 iff #66 #69
[mk-app] #71 rewrite #70
[mk-app] #72 iff #35 #69
[mk-app] #73 trans #68 #71 #72
[mk-app] #74 not #69
[mk-app] #75 iff #36 #74
[mk-app] #76 monotonicity #73 #75
[mk-app] #77 mp #58 #76 #74
[attach-enode] #1 0
[attach-enode] #2 0
[mk-app] #78 iff #74 #74
[mk-app] #79 refl #78
[begin-check] 0
[mk-app] #78 not #10
[mk-app] #79 not #14
[mk-app] #80 not #16
[mk-app] #81 not #19
[mk-app] #82 or #78 #79 #80 #81
[mk-app] #83 not #82
[mk-app] #84 iff #20 #83
[mk-app] #85 rewrite #84
[mk-app] #86 interp #83
[mk-app] #87 iff #34 #86
[mk-app] #88 monotonicity #85 #87
[mk-app] #89 and #86 #23 #26 #28 #30 #31 #60
[mk-app] #90 iff #69 #89
[mk-app] #91 monotonicity #88 #90
[mk-app] #92 not #86
[mk-app] #93 not #23
[mk-app] #94 not #26
[mk-app] #95 not #28
[mk-app] #96 not #30
[mk-app] #97 not #31
[mk-app] #98 or #92 #93 #94 #95 #96 #97 #59
[mk-app] #99 not #98
[mk-app] #100 iff #89 #99
[mk-app] #101 rewrite #100
[mk-app] #102 iff #69 #99
[mk-app] #103 trans #91 #101 #102
[mk-app] #104 not #99
[mk-app] #105 iff #74 #104
[mk-app] #106 monotonicity #103 #105
[mk-app] #107 iff #104 #98
[mk-app] #108 rewrite #107
[mk-app] #109 iff #74 #98
[mk-app] #110 trans #106 #108 #109
[mk-app] #111 mp #77 #110 #98
[mk-app] #112 iff #98 #98
[mk-app] #113 refl #112
[attach-enode] #7 0
[attach-enode] #8 0
[attach-enode] #9 0
[attach-enode] #10 0
[attach-enode] #11 0
[attach-enode] #12 0
[attach-enode] #13 0
[attach-enode] #14 0
[attach-enode] #15 0
[attach-enode] #16 0
[attach-enode] #17 0
[attach-enode] #18 0
[attach-enode] #19 0
[mk-app] #112 or #82 #10
[mk-app] #113 def-axiom #112
[mk-app] #114 or #82 #14
[mk-app] #115 def-axiom #114
[mk-app] #116 or #82 #16
[mk-app] #117 def-axiom #116
[mk-app] #118 or #82 #19
[mk-app] #119 def-axiom #118
[mk-app] #120 or #83 #78 #79 #80 #81
[mk-app] #121 def-axiom #120
[attach-enode] #83 0
[mk-app] #122 not #83
[mk-app] #123 or #122 #83
[mk-app] #124 def-axiom #123
[mk-app] #125 or #83 #82
[mk-app] #126 def-axiom #125
[attach-enode] #86 0
[attach-enode] #21 0
[attach-enode] #22 0
[attach-enode] #23 0
[attach-enode] #24 0
[attach-enode] #25 0
[attach-enode] #26 0
[attach-enode] #27 0
[attach-enode] #28 0
[attach-enode] #29 0
[attach-enode] #30 0
[attach-enode] #31 0
[attach-enode] #59 0
[push] 0
[assign] (not #59) decision axiom
[push] 1
[assign] (not #10) decision axiom
[assign] #82 clause [mk-app] #3 string
[mk-app] #4 string
[mk-app] #5 string
[mk-app] #6 compose #5 #4
[mk-app] #7 indent #6
[mk-app] #8 string
[mk-app] #9 compose
[mk-app] #10 string
[mk-app] #11 compose #8 #3 #9 #10
[mk-app] #12 indent #11
[mk-app] #13 compose #7 #12
[mk-app] #14 choice #13 #13
[mk-app] #15 string
[mk-app] #16 string
[mk-app] #17 compose #5 #16
[mk-app] #18 indent #17
[mk-app] #19 cr
[mk-app] #20 compose #19 #15
[mk-app] #21 compose #8 #14 #20 #10
[mk-app] #22 indent #21
[mk-app] #23 compose #18 #22
[mk-app] #24 compose #8 #15
[mk-app] #25 compose #8 #13 #24 #10
[mk-app] #26 indent #25
[mk-app] #27 compose #18 #26
[mk-app] #28 choice #27 #23
[mk-app] #29 string
[mk-app] #30 compose #5 #29
[mk-app] #31 indent #30
[mk-app] #32 compose #8 #28 #9 #10
[mk-app] #33 indent #32
[mk-app] #34 compose #31 #33
[mk-app] #35 compose #8 #27 #9 #10
[mk-app] #36 indent #35
[mk-app] #37 compose #31 #36
[mk-app] #38 choice #37 #34
[mk-app] #39 string
[mk-app] #40 compose #8 #39 #9 #10
[mk-app] #41 indent #40
[mk-app] #42 compose #7 #41
[mk-app] #43 choice #42 #42
[mk-app] #44 string
[mk-app] #45 compose #19 #44
[mk-app] #46 compose #8 #43 #45 #10
[mk-app] #47 indent #46
[mk-app] #48 compose #18 #47
[mk-app] #49 compose #8 #44
[mk-app] #50 compose #8 #42 #49 #10
[mk-app] #51 indent #50
[mk-app] #52 compose #18 #51
[mk-app] #53 choice #52 #48
[mk-app] #54 compose #8 #53 #9 #10
[mk-app] #55 indent #54
[mk-app] #56 compose #31 #55
[mk-app] #57 compose #8 #52 #9 #10
[mk-app] #58 indent #57
[mk-app] #59 compose #31 #58
[mk-app] #60 choice #59 #56
[mk-app] #61 compose #8 #44 #9 #10
[mk-app] #62 indent #61
[mk-app] #63 compose #7 #62
[mk-app] #64 choice #63 #63
[mk-app] #65 compose #8 #64 #20 #10
[mk-app] #66 indent #65
[mk-app] #67 compose #18 #66
[mk-app] #68 compose #8 #63 #24 #10
[mk-app] #69 indent #68
[mk-app] #70 compose #18 #69
[mk-app] #71 choice #70 #67
[mk-app] #72 compose #8 #71 #9 #10
[mk-app] #73 indent #72
[mk-app] #74 compose #31 #73
[mk-app] #75 compose #8 #70 #9 #10
[mk-app] #76 indent #75
[mk-app] #77 compose #31 #76
[mk-app] #78 choice #77 #74
[mk-app] #79 string
[mk-app] #80 compose #8 #79 #9 #10
[mk-app] #81 indent #80
[mk-app] #82 compose #7 #81
[mk-app] #83 choice #82 #82
[mk-app] #84 compose #19 #79
[mk-app] #85 compose #8 #83 #84 #10
[mk-app] #86 indent #85
[mk-app] #87 compose #18 #86
[mk-app] #88 compose #8 #79
[mk-app] #89 compose #8 #82 #88 #10
[mk-app] #90 indent #89
[mk-app] #91 compose #18 #90
[mk-app] #92 choice #91 #87
[mk-app] #93 compose #8 #92 #9 #10
[mk-app] #94 indent #93
[mk-app] #95 compose #31 #94
[mk-app] #96 compose #8 #91 #9 #10
[mk-app] #97 indent #96
[mk-app] #98 compose #31 #97
[mk-app] #99 choice #98 #95
[mk-app] #100 string
[mk-app] #101 compose #5 #100
[mk-app] #102 indent #101
[mk-app] #103 compose #19 #60 #19 #78 #19 #99
[mk-app] #104 compose #8 #38 #103 #10
[mk-app] #105 indent #104
[mk-app] #106 compose #102 #105
[mk-app] #107 compose #8 #59 #8 #77 #8 #98
[mk-app] #108 compose #8 #37 #107 #10
[mk-app] #109 indent #108
[mk-app] #110 compose #102 #109
[mk-app] #111 choice #110 #106
(or (not (= (f a) u)) (not (= (f b) c)) (not (= (f c) u)) (not (= (f d) d)))
[mk-app] #5 string
[mk-app] #100 string
[mk-app] #101 string
[mk-app] #102 compose #101 #100
[mk-app] #29 indent #102
[mk-app] #30 string
[mk-app] #31 compose
[mk-app] #16 string
[mk-app] #17 compose #30 #5 #31 #16
[mk-app] #18 indent #17
[mk-app] #4 compose #29 #18
[mk-app] #6 choice #4 #4
[mk-app] #7 string
[mk-app] #8 string
[mk-app] #3 compose #101 #8
[mk-app] #9 indent #3
[mk-app] #10 cr
[mk-app] #11 compose #10 #7
[mk-app] #12 compose #30 #6 #11 #16
[mk-app] #13 indent #12
[mk-app] #15 compose #9 #13
[mk-app] #24 compose #30 #7
[mk-app] #25 compose #30 #4 #24 #16
[mk-app] #26 indent #25
[mk-app] #27 compose #9 #26
[mk-app] #35 choice #27 #15
(= (f a) u)
[assign] (not #83) clause (not [mk-app] #101 string
[mk-app] #8 string
[mk-app] #3 string
[mk-app] #9 compose #3 #8
[mk-app] #100 indent #9
[mk-app] #102 string
[mk-app] #29 compose
[mk-app] #30 string
[mk-app] #5 compose #102 #101 #29 #30
[mk-app] #31 indent #5
[mk-app] #16 compose #100 #31
[mk-app] #17 choice #16 #16
[mk-app] #18 string
[mk-app] #4 string
[mk-app] #7 compose #3 #4
[mk-app] #24 indent #7
[mk-app] #25 cr
[mk-app] #26 compose #25 #18
[mk-app] #27 compose #102 #17 #26 #30
[mk-app] #6 indent #27
[mk-app] #10 compose #24 #6
[mk-app] #11 compose #102 #18
[mk-app] #12 compose #102 #16 #11 #30
[mk-app] #13 indent #12
[mk-app] #15 compose #24 #13
[mk-app] #35 choice #15 #10
[mk-app] #36 string
[mk-app] #37 compose #3 #36
[mk-app] #39 indent #37
[mk-app] #40 compose #102 #35 #29 #30
[mk-app] #41 indent #40
[mk-app] #42 compose #39 #41
[mk-app] #44 compose #102 #15 #29 #30
[mk-app] #49 indent #44
[mk-app] #50 compose #39 #49
[mk-app] #51 choice #50 #42
[mk-app] #52 string
[mk-app] #57 compose #102 #52 #29 #30
[mk-app] #58 indent #57
[mk-app] #59 compose #100 #58
[mk-app] #61 choice #59 #59
[mk-app] #62 string
[mk-app] #63 compose #25 #62
[mk-app] #68 compose #102 #61 #63 #30
[mk-app] #69 indent #68
[mk-app] #70 compose #24 #69
[mk-app] #75 compose #102 #62
[mk-app] #76 compose #102 #59 #75 #30
[mk-app] #77 indent #76
[mk-app] #79 compose #24 #77
[mk-app] #80 choice #79 #70
[mk-app] #81 compose #102 #80 #29 #30
[mk-app] #82 indent #81
[mk-app] #88 compose #39 #82
[mk-app] #89 compose #102 #79 #29 #30
[mk-app] #90 indent #89
[mk-app] #91 compose #39 #90
[mk-app] #96 choice #91 #88
[mk-app] #97 compose #102 #62 #29 #30
[mk-app] #98 indent #97
[mk-app] #107 compose #100 #98
[mk-app] #108 choice #107 #107
[mk-app] #109 compose #102 #108 #26 #30
[mk-app] #110 indent #109
[mk-app] #14 compose #24 #110
[mk-app] #19 compose #102 #107 #11 #30
[mk-app] #20 indent #19
[mk-app] #21 compose #24 #20
[mk-app] #22 choice #21 #14
[mk-app] #23 compose #102 #22 #29 #30
[mk-app] #28 indent #23
[mk-app] #32 compose #39 #28
[mk-app] #33 compose #102 #21 #29 #30
[mk-app] #34 indent #33
[mk-app] #38 compose #39 #34
[mk-app] #43 choice #38 #32
[mk-app] #45 string
[mk-app] #46 compose #102 #45 #29 #30
[mk-app] #47 indent #46
[mk-app] #48 compose #100 #47
[mk-app] #53 choice #48 #48
[mk-app] #54 compose #25 #45
[mk-app] #55 compose #102 #53 #54 #30
[mk-app] #56 indent #55
[mk-app] #60 compose #24 #56
[mk-app] #64 compose #102 #45
[mk-app] #65 compose #102 #48 #64 #30
[mk-app] #66 indent #65
[mk-app] #67 compose #24 #66
[mk-app] #71 choice #67 #60
[mk-app] #72 compose #102 #71 #29 #30
[mk-app] #73 indent #72
[mk-app] #74 compose #39 #73
[mk-app] #78 compose #102 #67 #29 #30
[mk-app] #83 indent #78
[mk-app] #84 compose #39 #83
[mk-app] #85 choice #84 #74
[mk-app] #86 string
[mk-app] #87 compose #3 #86
[mk-app] #92 indent #87
[mk-app] #93 compose #25 #96 #25 #43 #25 #85
[mk-app] #94 compose #102 #51 #93 #30
[mk-app] #95 indent #94
[mk-app] #99 compose #92 #95
[mk-app] #103 compose #102 #91 #102 #38 #102 #84
[mk-app] #104 compose #102 #50 #103 #30
[mk-app] #105 indent #104
[mk-app] #106 compose #92 #105
[mk-app] #111 choice #106 #99
[mk-app] #112 string
[mk-app] #113 compose #102 #112 #29 #30
[mk-app] #114 indent #113
[mk-app] #115 compose #39 #114
[mk-app] #116 choice #115 #115
[mk-app] #117 compose #102 #111 #29 #30
[mk-app] #118 indent #117
[mk-app] #119 compose #3 #112 #118
[mk-app] #120 compose #102 #106 #29 #30
[mk-app] #121 indent #120
[mk-app] #122 compose #3 #112 #121
[mk-app] #123 choice #122 #119
[mk-app] #124 string
[mk-app] #125 compose #3 #123
[mk-app] #126 indent #125
[mk-app] #127 compose #29 #30
[mk-app] #128 indent #127
[mk-app] #129 compose #126 #128
[mk-app] #130 compose #3 #122
[mk-app] #131 indent #130
[mk-app] #132 compose #131 #128
[mk-app] #133 choice #132 #129
[mk-app] #134 indent #133
[mk-app] #135 compose #25 #116
[mk-app] #136 indent #135
[mk-app] #137 compose #124 #134 #136 #30
(let ((a!1 (or (not (= (f a) u))
               (not (= (f b) c))
               (not (= (f c) u))
               (not (= (f d) d)))))
  (not a!1)))
(not [mk-app] #124 string
[mk-app] #112 string
[mk-app] #3 string
[mk-app] #86 compose #3 #112
[mk-app] #87 indent #86
[mk-app] #92 string
[mk-app] #36 compose
[mk-app] #37 string
[mk-app] #39 compose #92 #124 #36 #37
[mk-app] #4 indent #39
[mk-app] #7 compose #87 #4
[mk-app] #24 choice #7 #7
[mk-app] #8 string
[mk-app] #9 string
[mk-app] #100 compose #3 #9
[mk-app] #102 indent #100
[mk-app] #101 cr
[mk-app] #29 compose #101 #8
[mk-app] #30 compose #92 #24 #29 #37
[mk-app] #5 indent #30
[mk-app] #31 compose #102 #5
[mk-app] #16 compose #92 #8
[mk-app] #18 compose #92 #7 #16 #37
[mk-app] #11 indent #18
[mk-app] #12 compose #102 #11
[mk-app] #13 choice #12 #31
[mk-app] #15 string
[mk-app] #44 compose #3 #15
[mk-app] #49 indent #44
[mk-app] #50 compose #92 #13 #36 #37
[mk-app] #52 indent #50
[mk-app] #57 compose #49 #52
[mk-app] #58 compose #92 #12 #36 #37
[mk-app] #59 indent #58
[mk-app] #62 compose #49 #59
[mk-app] #75 choice #62 #57
[mk-app] #76 string
[mk-app] #77 compose #92 #76 #36 #37
[mk-app] #79 indent #77
[mk-app] #89 compose #87 #79
[mk-app] #90 choice #89 #89
[mk-app] #91 string
[mk-app] #97 compose #101 #91
[mk-app] #98 compose #92 #90 #97 #37
[mk-app] #107 indent #98
[mk-app] #19 compose #102 #107
[mk-app] #20 compose #92 #91
[mk-app] #21 compose #92 #89 #20 #37
[mk-app] #33 indent #21
[mk-app] #34 compose #102 #33
[mk-app] #38 choice #34 #19
[mk-app] #45 compose #92 #38 #36 #37
[mk-app] #46 indent #45
[mk-app] #47 compose #49 #46
[mk-app] #48 compose #92 #34 #36 #37
[mk-app] #64 indent #48
[mk-app] #65 compose #49 #64
[mk-app] #66 choice #65 #47
[mk-app] #67 compose #92 #91 #36 #37
[mk-app] #78 indent #67
[mk-app] #83 compose #87 #78
[mk-app] #84 choice #83 #83
[mk-app] #103 compose #92 #84 #29 #37
[mk-app] #104 indent #103
[mk-app] #105 compose #102 #104
[mk-app] #106 compose #92 #83 #16 #37
[mk-app] #120 indent #106
[mk-app] #121 compose #102 #120
[mk-app] #122 choice #121 #105
[mk-app] #130 compose #92 #122 #36 #37
[mk-app] #131 indent #130
[mk-app] #127 compose #49 #131
[mk-app] #128 compose #92 #121 #36 #37
[mk-app] #132 indent #128
[mk-app] #17 compose #49 #132
[mk-app] #25 choice #17 #127
[mk-app] #26 string
[mk-app] #27 compose #92 #26 #36 #37
[mk-app] #6 indent #27
[mk-app] #10 compose #87 #6
[mk-app] #35 choice #10 #10
[mk-app] #40 compose #101 #26
[mk-app] #41 compose #92 #35 #40 #37
[mk-app] #42 indent #41
[mk-app] #51 compose #102 #42
[mk-app] #61 compose #92 #26
[mk-app] #63 compose #92 #10 #61 #37
[mk-app] #68 indent #63
[mk-app] #69 compose #102 #68
[mk-app] #70 choice #69 #51
[mk-app] #80 compose #92 #70 #36 #37
[mk-app] #81 indent #80
[mk-app] #82 compose #49 #81
[mk-app] #88 compose #92 #69 #36 #37
[mk-app] #96 indent #88
[mk-app] #108 compose #49 #96
[mk-app] #109 choice #108 #82
[mk-app] #110 string
[mk-app] #14 compose #3 #110
[mk-app] #22 indent #14
[mk-app] #23 compose #101 #66 #101 #25 #101 #109
[mk-app] #28 compose #92 #75 #23 #37
[mk-app] #32 indent #28
[mk-app] #43 compose #22 #32
[mk-app] #53 compose #92 #65 #92 #17 #92 #108
[mk-app] #54 compose #92 #62 #53 #37
[mk-app] #55 indent #54
[mk-app] #56 compose #22 #55
[mk-app] #60 choice #56 #43
(or (not (= (f a) u)) (not (= (f b) c)) (not (= (f c) u)) (not (= (f d) d))))
[push] 2
[assign] (not #31) decision axiom
[push] 3
[assign] (not #16) decision axiom
[push] 4
[assign] (not #23) decision axiom
[push] 5
[assign] (not #86) decision axiom
[push] 6
[assign] (not #19) decision axiom
[push] 7
[assign] (not #26) decision axiom
[push] 8
[assign] (not #28) decision axiom
[push] 9
[assign] (not #14) decision axiom
[push] 10
[assign] (not #30) decision axiom
[mk-app] #127 A!val!0
[mk-app] #128 A!val!1
[mk-app] #129 A!val!2
[mk-app] #130 A!val!3
[mk-app] #131 A!val!4
[mk-app] #132 A!val!5
[mk-app] #133 A!val!6
[mk-app] #134 A!val!7
[mk-app] #135 A!val!8
[mk-app] #136 A!val!9
[mk-app] #137 A!val!10
[mk-app] #138 A!val!11
[mk-app] #139 A!val!12
[mk-app] #140 A!val!13
[mk-app] #141 A!val!14
[attach-enode] #1 0
[attach-enode] #2 0
[attach-enode] #1 0
[attach-enode] #2 0
[attach-enode] #1 0
[attach-enode] #2 0
[attach-enode] #1 0
[attach-enode] #2 0
[mk-app] #3 string
[mk-app] #110 indent #3
[mk-app] #14 string
[mk-app] #3 string
[mk-app] #110 indent #3
[mk-app] #14 string
[mk-app] #3 string
[mk-app] #110 indent #3
[mk-app] #14 string
[mk-app] #3 string
[mk-app] #110 indent #3
[mk-app] #14 string
[mk-app] #3 string
[mk-app] #110 indent #3
[mk-app] #14 string
[mk-app] #3 string
[mk-app] #110 indent #3
[mk-app] #14 string
[mk-app] #3 string
[mk-app] #110 indent #3
[mk-app] #14 string
[mk-app] #3 string
[mk-app] #110 indent #3
[mk-app] #14 string
[mk-app] #3 string
[mk-app] #110 indent #3
[mk-app] #14 string
[mk-app] #3 string
[mk-app] #110 indent #3
[mk-app] #14 string
[mk-app] #3 string
[mk-app] #110 indent #3
[mk-app] #14 string
[mk-app] #3 string
[mk-app] #110 indent #3
[mk-app] #14 string
[mk-app] #3 string
[mk-app] #110 indent #3
[mk-app] #14 string
[mk-app] #3 string
[mk-app] #110 indent #3
[mk-app] #14 string
[mk-app] #3 string
[mk-app] #110 indent #3
[mk-app] #14 string
[mk-app] #3 string
[mk-app] #110 indent #3
[mk-app] #14 string
[mk-app] #3 string
[mk-app] #110 string
[mk-app] #14 string
[mk-app] #22 string
[mk-app] #15 string
[mk-app] #44 cr
[mk-app] #49 compose #44 #110
[mk-app] #9 string
[mk-app] #100 compose #15 #3 #49 #9
[mk-app] #102 indent #100
[mk-app] #112 compose #14 #22 #102
[mk-app] #86 compose #15 #110
[mk-app] #87 compose #15 #3 #86 #9
[mk-app] #92 indent #87
[mk-app] #124 compose #14 #22 #92
[mk-app] #36 choice #124 #112
[mk-app] #37 string
[mk-app] #39 compose #44 #37
[mk-app] #4 compose #15 #3 #39 #9
[mk-app] #7 indent #4
[mk-app] #8 compose #14 #22 #7
[mk-app] #16 compose #15 #37
[mk-app] #18 compose #15 #3 #16 #9
[mk-app] #11 indent #18
[mk-app] #12 compose #14 #22 #11
[mk-app] #58 choice #12 #8
[mk-app] #59 string
[mk-app] #62 compose #44 #59
[mk-app] #76 compose #15 #3 #62 #9
[mk-app] #77 indent #76
[mk-app] #79 compose #14 #22 #77
[mk-app] #89 compose #15 #59
[mk-app] #91 compose #15 #3 #89 #9
[mk-app] #20 indent #91
[mk-app] #21 compose #14 #22 #20
[mk-app] #33 choice #21 #79
[mk-app] #34 string
[mk-app] #48 compose #44 #34
[mk-app] #64 compose #15 #3 #48 #9
[mk-app] #65 indent #64
[mk-app] #67 compose #14 #22 #65
[mk-app] #78 compose #15 #34
[mk-app] #83 compose #15 #3 #78 #9
[mk-app] #106 indent #83
[mk-app] #120 compose #14 #22 #106
[mk-app] #121 choice #120 #67
[mk-app] #128 string
[mk-app] #132 compose #44 #128
[mk-app] #17 compose #15 #3 #132 #9
[mk-app] #26 indent #17
[mk-app] #27 compose #14 #22 #26
[mk-app] #6 compose #15 #128
[mk-app] #10 compose #15 #3 #6 #9
[mk-app] #61 indent #10
[mk-app] #63 compose #14 #22 #61
[mk-app] #68 choice #63 #27
[mk-app] #69 string
[mk-app] #88 compose #44 #69
[mk-app] #96 compose #15 #3 #88 #9
[mk-app] #108 indent #96
[mk-app] #53 compose #14 #22 #108
[mk-app] #54 compose #15 #69
[mk-app] #55 compose #15 #3 #54 #9
[mk-app] #56 indent #55
[mk-app] #24 compose #14 #22 #56
[mk-app] #101 choice #24 #53
[mk-app] #29 string
[mk-app] #30 compose #44 #29
[mk-app] #5 compose #15 #3 #30 #9
[mk-app] #31 indent #5
[mk-app] #13 compose #14 #22 #31
[mk-app] #50 compose #15 #29
[mk-app] #52 compose #15 #3 #50 #9
[mk-app] #57 indent #52
[mk-app] #75 compose #14 #22 #57
[mk-app] #90 choice #75 #13
[mk-app] #97 string
[mk-app] #98 compose #44 #97
[mk-app] #107 compose #15 #3 #98 #9
[mk-app] #19 indent #107
[mk-app] #38 compose #14 #22 #19
[mk-app] #45 compose #15 #97
[mk-app] #46 compose #15 #3 #45 #9
[mk-app] #47 indent #46
[mk-app] #66 compose #14 #22 #47
[mk-app] #84 choice #66 #38
[mk-app] #103 string
[mk-app] #104 compose #44 #103
[mk-app] #105 compose #15 #3 #104 #9
[mk-app] #122 indent #105
[mk-app] #130 compose #14 #22 #122
[mk-app] #131 compose #15 #103
[mk-app] #127 compose #15 #3 #131 #9
[mk-app] #25 indent #127
[mk-app] #35 compose #14 #22 #25
[mk-app] #40 choice #35 #130
[mk-app] #41 string
[mk-app] #42 compose #44 #41
[mk-app] #51 compose #15 #3 #42 #9
[mk-app] #70 indent #51
[mk-app] #80 compose #14 #22 #70
[mk-app] #81 compose #15 #41
[mk-app] #82 compose #15 #3 #81 #9
[mk-app] #109 indent #82
[mk-app] #23 compose #14 #22 #109
[mk-app] #28 choice #23 #80
[mk-app] #32 string
[mk-app] #43 compose #44 #32
[mk-app] #60 compose #15 #3 #43 #9
[mk-app] #71 indent #60
[mk-app] #72 compose #14 #22 #71
[mk-app] #73 compose #15 #32
[mk-app] #74 compose #15 #3 #73 #9
[mk-app] #85 indent #74
[mk-app] #93 compose #14 #22 #85
[mk-app] #94 choice #93 #72
[mk-app] #95 string
[mk-app] #99 compose #44 #95
[mk-app] #111 compose #15 #3 #99 #9
[mk-app] #117 indent #111
[mk-app] #118 compose #14 #22 #117
[mk-app] #119 compose #15 #95
[mk-app] #123 compose #15 #3 #119 #9
[mk-app] #125 indent #123
[mk-app] #126 compose #14 #22 #125
[mk-app] #129 choice #126 #118
[mk-app] #133 string
[mk-app] #134 compose #44 #133
[mk-app] #113 compose #15 #3 #134 #9
[mk-app] #114 indent #113
[mk-app] #115 compose #14 #22 #114
[mk-app] #116 compose #15 #133
[mk-app] #135 compose #15 #3 #116 #9
[mk-app] #136 indent #135
[mk-app] #137 compose #14 #22 #136
[mk-app] #138 choice #137 #115
[mk-app] #139 string
[mk-app] #140 compose #44 #139
[mk-app] #141 compose #15 #3 #140 #9
[mk-app] #142 indent #141
[mk-app] #143 compose #14 #22 #142
[mk-app] #144 compose #15 #139
[mk-app] #145 compose #15 #3 #144 #9
[mk-app] #146 indent #145
[mk-app] #147 compose #14 #22 #146
[mk-app] #148 choice #147 #143
[mk-app] #149 string
[mk-app] #150 compose #44 #149
[mk-app] #151 compose #15 #3 #150 #9
[mk-app] #152 indent #151
[mk-app] #153 compose #14 #22 #152
[mk-app] #154 compose #15 #149
[mk-app] #155 compose #15 #3 #154 #9
[mk-app] #156 indent #155
[mk-app] #157 compose #14 #22 #156
[mk-app] #158 choice #157 #153
[mk-app] #159 string
[mk-app] #160 compose #44 #58 #44 #33 #44 #121 #44 #68 #44 #101 #44 #90 #44 #84 #44 #40 #44 #28 #44 #94 #44 #129 #44 #138 #44 #148 #44 #158
[mk-app] #161 compose #15 #36 #160 #9
[mk-app] #162 indent #161
[mk-app] #163 compose #14 #159 #162
[mk-app] #164 compose #15 #12 #15 #21 #15 #120 #15 #63 #15 #24 #15 #75 #15 #66 #15 #35 #15 #23 #15 #93 #15 #126 #15 #137 #15 #147 #15 #157
[mk-app] #165 compose #15 #124 #164 #9
[mk-app] #166 indent #165
[mk-app] #167 compose #14 #159 #166
[mk-app] #168 choice #167 #163
[mk-app] #169 string
[mk-app] #170 string
[mk-app] #171 string
[mk-app] #172 compose #169 #171
[mk-app] #173 indent #172
[mk-app] #174 compose #170 #173
[mk-app] #175 string
[mk-app] #176 compose #44 #168
[mk-app] #177 compose #15 #174 #176 #9
[mk-app] #178 indent #177
[mk-app] #179 compose #14 #175 #178
[mk-app] #180 compose #15 #167
[mk-app] #181 compose #15 #174 #180 #9
[mk-app] #182 indent #181
[mk-app] #183 compose #14 #175 #182
[mk-app] #184 choice #183 #179
[mk-app] #185 indent #184
[mk-app] #169 string
[mk-app] #175 indent #169
[mk-app] #170 string
[mk-app] #169 string
[mk-app] #175 string
[mk-app] #169 string
[mk-app] #175 indent #169
[mk-app] #170 string
[mk-app] #169 string
[mk-app] #175 string
[mk-app] #169 string
[mk-app] #175 indent #169
[mk-app] #170 string
[mk-app] #169 string
[mk-app] #175 string
[mk-app] #169 string
[mk-app] #175 indent #169
[mk-app] #170 string
[mk-app] #169 string
[mk-app] #175 string
[mk-app] #169 string
[mk-app] #175 indent #169
[mk-app] #170 string
[mk-app] #169 string
[mk-app] #175 string
[mk-app] #169 string
[mk-app] #175 indent #169
[mk-app] #170 string
[mk-app] #169 string
[mk-app] #175 string
[mk-app] #169 string
[mk-app] #175 indent #169
[mk-app] #170 string
[mk-app] #169 string
[mk-app] #175 string
[mk-app] #169 string
[mk-app] #175 string
[mk-app] #170 string
[mk-app] #171 string
[mk-app] #172 compose #171 #175
[mk-app] #173 indent #172
[mk-app] #174 cr
[mk-app] #159 compose #174 #170
[mk-app] #14 string
[mk-app] #22 compose #159 #14
[mk-app] #3 indent #22
[mk-app] #15 compose #173 #3
[mk-app] #110 string
[mk-app] #86 compose #110 #170
[mk-app] #9 compose #86 #14
[mk-app] #87 indent #9
[mk-app] #92 compose #173 #87
[mk-app] #124 choice #92 #15
[mk-app] #37 compose #171 #124
[mk-app] #16 indent #37
[mk-app] #18 compose
[mk-app] #11 compose #18 #14
[mk-app] #12 indent #11
[mk-app] #59 compose #16 #12
[mk-app] #89 compose #171 #92
[mk-app] #91 indent #89
[mk-app] #20 compose #91 #12
[mk-app] #21 choice #20 #59
[mk-app] #34 string
[mk-app] #78 string
[mk-app] #83 compose #174 #34
[mk-app] #106 compose #110 #175 #83 #14
[mk-app] #120 indent #106
[mk-app] #128 compose #171 #78 #120
[mk-app] #6 compose #110 #34
[mk-app] #10 compose #110 #175 #6 #14
[mk-app] #61 indent #10
[mk-app] #63 compose #171 #78 #61
[mk-app] #69 choice #63 #128
[mk-app] #54 string
[mk-app] #55 indent #69
[mk-app] #56 compose #174 #169
[mk-app] #24 indent #56
[mk-app] #29 compose #54 #55 #24
[mk-app] #50 compose #110 #169
[mk-app] #52 indent #50
[mk-app] #57 indent #63
[mk-app] #75 compose #54 #57 #52
[mk-app] #97 choice #75 #29
[mk-app] #45 string
[mk-app] #46 compose #174 #45
[mk-app] #47 compose #110 #175 #46 #14
[mk-app] #66 indent #47
[mk-app] #103 compose #171 #78 #66
[mk-app] #131 compose #110 #45
[mk-app] #127 compose #110 #175 #131 #14
[mk-app] #25 indent #127
[mk-app] #35 compose #171 #78 #25
[mk-app] #41 choice #35 #103
[mk-app] #81 string
[mk-app] #82 indent #41
[mk-app] #109 compose #174 #81
[mk-app] #23 indent #109
[mk-app] #32 compose #54 #82 #23
[mk-app] #73 compose #110 #81
[mk-app] #74 indent #73
[mk-app] #85 indent #35
[mk-app] #93 compose #54 #85 #74
[mk-app] #95 choice #93 #32
[mk-app] #119 string
[mk-app] #123 compose #174 #119
[mk-app] #125 compose #110 #175 #123 #14
[mk-app] #126 indent #125
[mk-app] #133 compose #171 #78 #126
[mk-app] #116 compose #110 #119
[mk-app] #135 compose #110 #175 #116 #14
[mk-app] #136 indent #135
[mk-app] #137 compose #171 #78 #136
[mk-app] #139 choice #137 #133
[mk-app] #144 string
[mk-app] #145 indent #139
[mk-app] #146 compose #174 #144
[mk-app] #147 indent #146
[mk-app] #149 compose #54 #145 #147
[mk-app] #154 compose #110 #144
[mk-app] #155 indent #154
[mk-app] #156 indent #137
[mk-app] #157 compose #54 #156 #155
[mk-app] #164 choice #157 #149
[mk-app] #165 string
[mk-app] #166 compose #174 #165
[mk-app] #167 compose #110 #175 #166 #14
[mk-app] #180 indent #167
[mk-app] #181 compose #171 #78 #180
[mk-app] #182 compose #110 #165
[mk-app] #183 compose #110 #175 #182 #14
[mk-app] #44 indent #183
[mk-app] #49 compose #171 #78 #44
[mk-app] #100 choice #49 #181
[mk-app] #102 string
[mk-app] #112 indent #100
[mk-app] #36 compose #174 #102
[mk-app] #39 indent #36
[mk-app] #4 compose #54 #112 #39
[mk-app] #7 compose #110 #102
[mk-app] #8 indent #7
[mk-app] #58 indent #49
[mk-app] #62 compose #54 #58 #8
[mk-app] #76 choice #62 #4
[mk-app] #77 compose #97 #174 #95 #174 #164 #174 #76 #24 #14 #14 #14 #14
[mk-app] #79 string
[mk-app] #33 string
[mk-app] #48 compose #21 #110 #170
[mk-app] #64 compose #79 #33 #110 #48
[mk-app] #65 compose #174 #77 #14
[mk-app] #67 indent #65
[mk-app] #121 compose #64 #67
[mk-app] #132 indent #121
[mk-app] #54 string
[mk-app] #171 string
[mk-app] #78 string
[mk-app] #175 string
[mk-app] #110 compose #175 #171
[mk-app] #34 indent #110
[mk-app] #6 cr
[mk-app] #14 compose #6 #78
[mk-app] #10 string
[mk-app] #61 compose #14 #10
[mk-app] #63 indent #61
[mk-app] #57 compose #34 #63
[mk-app] #169 string
[mk-app] #50 compose #169 #78
[mk-app] #52 compose #50 #10
[mk-app] #75 indent #52
[mk-app] #174 compose #34 #75
[mk-app] #83 choice #174 #57
[mk-app] #106 compose #175 #83
[mk-app] #120 indent #106
[mk-app] #128 compose
[mk-app] #69 compose #128 #10
[mk-app] #55 indent #69
[mk-app] #56 compose #120 #55
[mk-app] #24 compose #175 #174
[mk-app] #29 indent #24
[mk-app] #97 compose #29 #55
[mk-app] #45 choice #97 #56
[mk-app] #131 string
[mk-app] #127 string
[mk-app] #25 compose #6 #131
[mk-app] #35 compose #169 #171 #25 #10
[mk-app] #85 indent #35
[mk-app] #81 compose #175 #127 #85
[mk-app] #73 compose #169 #131
[mk-app] #74 compose #169 #171 #73 #10
[mk-app] #93 indent #74
[mk-app] #46 compose #175 #127 #93
[mk-app] #47 choice #46 #81
[mk-app] #66 string
[mk-app] #103 indent #47
[mk-app] #41 compose #6 #54
[mk-app] #82 indent #41
[mk-app] #109 compose #66 #103 #82
[mk-app] #23 compose #169 #54
[mk-app] #32 indent #23
[mk-app] #95 indent #46
[mk-app] #119 compose #66 #95 #32
[mk-app] #116 choice #119 #109
[mk-app] #135 string
[mk-app] #136 compose #6 #135
[mk-app] #137 compose #169 #171 #136 #10
[mk-app] #156 indent #137
[mk-app] #144 compose #175 #127 #156
[mk-app] #154 compose #169 #135
[mk-app] #155 compose #169 #171 #154 #10
[mk-app] #157 indent #155
[mk-app] #123 compose #175 #127 #157
[mk-app] #125 choice #123 #144
[mk-app] #126 string
[mk-app] #133 indent #125
[mk-app] #139 compose #6 #126
[mk-app] #145 indent #139
[mk-app] #146 compose #66 #133 #145
[mk-app] #147 compose #169 #126
[mk-app] #149 indent #147
[mk-app] #164 indent #123
[mk-app] #165 compose #66 #164 #149
[mk-app] #182 choice #165 #146
[mk-app] #183 string
[mk-app] #44 compose #6 #183
[mk-app] #49 compose #169 #171 #44 #10
[mk-app] #58 indent #49
[mk-app] #102 compose #175 #127 #58
[mk-app] #7 compose #169 #183
[mk-app] #8 compose #169 #171 #7 #10
[mk-app] #62 indent #8
[mk-app] #166 compose #175 #127 #62
[mk-app] #167 choice #166 #102
[mk-app] #180 string
[mk-app] #181 indent #167
[mk-app] #100 compose #6 #180
[mk-app] #112 indent #100
[mk-app] #36 compose #66 #181 #112
[mk-app] #39 compose #169 #180
[mk-app] #4 indent #39
[mk-app] #76 indent #166
[mk-app] #77 compose #66 #76 #4
[mk-app] #170 choice #77 #36
[mk-app] #79 string
[mk-app] #33 compose #6 #79
[mk-app] #172 compose #169 #171 #33 #10
[mk-app] #173 indent #172
[mk-app] #86 compose #175 #127 #173
[mk-app] #9 compose #169 #79
[mk-app] #87 compose #169 #171 #9 #10
[mk-app] #92 indent #87
[mk-app] #89 compose #175 #127 #92
[mk-app] #91 choice #89 #86
[mk-app] #18 string
[mk-app] #11 indent #91
[mk-app] #12 compose #6 #18
[mk-app] #20 indent #12
[mk-app] #159 compose #66 #11 #20
[mk-app] #22 compose #169 #18
[mk-app] #3 indent #22
[mk-app] #15 indent #89
[mk-app] #124 compose #66 #15 #3
[mk-app] #37 choice #124 #159
[mk-app] #16 compose #116 #6 #182 #6 #170 #6 #37 #82 #10 #10 #10 #10
[mk-app] #59 string
[mk-app] #21 string
[mk-app] #48 compose #45 #169 #78
[mk-app] #64 compose #59 #21 #169 #48
[mk-app] #65 compose #6 #16 #10
[mk-app] #67 indent #65
[mk-app] #121 compose #64 #67
[mk-app] #132 indent #121
[attach-enode] #1 0
[attach-enode] #2 0
[attach-enode] #1 0
[attach-enode] #2 0
[eof]
