[mk-app] #0 undef
[mk-app] #1 true
[mk-app] #2 false
[mk-app] #0 undef
[mk-app] #1 true
[mk-app] #2 false
[mk-app] #3 pi
[mk-app] #4 euler
[mk-app] #5 0^0-int
[mk-app] #6 0^0-real
[mk-app] #7 a
[mk-app] #8 f #7
[mk-app] #9 u
[mk-app] #10 = #8 #9
[mk-app] #11 b
[mk-app] #12 f #11
[mk-app] #13 c
[mk-app] #14 = #12 #13
[mk-app] #15 f #13
[mk-app] #16 = #15 #9
[mk-app] #17 d
[mk-app] #18 f #17
[mk-app] #19 = #18 #17
[mk-app] #20 and #10 #14 #16 #19
[mk-app] #21 g #7
[mk-app] #22 v
[mk-app] #23 = #21 #22
[mk-app] #24 g #17
[mk-app] #25 w
[mk-app] #26 = #24 #25
[mk-app] #27 g #22
[mk-app] #28 = #27 #11
[mk-app] #29 g #25
[mk-app] #30 = #29 #13
[mk-app] #31 = #7 #17
[mk-app] #32 = #13 #17
[mk-app] #33 not #32
[mk-app] #34 and #23 #26 #28 #30 #31 #33
[mk-app] #35 interp #20
[mk-app] #36 and #35 #34
[mk-app] #3 string
[mk-app] #4 string
[mk-app] #3 string
[mk-app] #4 string
[mk-app] #5 string
[mk-app] #6 compose #5 #4
[mk-app] #7 indent #6
[mk-app] #8 string
[mk-app] #9 compose
[mk-app] #10 string
[mk-app] #11 compose #8 #3 #9 #10
[mk-app] #12 indent #11
[mk-app] #13 compose #7 #12
[mk-app] #14 choice #13 #13
[mk-app] #5 string
[mk-app] #4 string
[mk-app] #5 string
[mk-app] #4 string
[mk-app] #6 string
[mk-app] #7 compose #6 #4
[mk-app] #8 indent #7
[mk-app] #3 string
[mk-app] #9 compose
[mk-app] #10 string
[mk-app] #11 compose #3 #5 #9 #10
[mk-app] #12 indent #11
[mk-app] #13 compose #8 #12
[mk-app] #14 choice #13 #13
[mk-app] #15 string
[mk-app] #16 string
[mk-app] #17 compose #6 #16
[mk-app] #18 indent #17
[mk-app] #19 cr
[mk-app] #20 compose #19 #15
[mk-app] #21 compose #3 #14 #20 #10
[mk-app] #22 indent #21
[mk-app] #23 compose #18 #22
[mk-app] #24 compose #3 #15
[mk-app] #25 compose #3 #13 #24 #10
[mk-app] #26 indent #25
[mk-app] #27 compose #18 #26
[mk-app] #28 choice #27 #23
[mk-app] #6 string
[mk-app] #16 string
[mk-app] #6 string
[mk-app] #16 string
[mk-app] #17 string
[mk-app] #18 compose #17 #16
[mk-app] #4 indent #18
[mk-app] #7 string
[mk-app] #8 compose
[mk-app] #3 string
[mk-app] #5 compose #7 #6 #8 #3
[mk-app] #9 indent #5
[mk-app] #10 compose #4 #9
[mk-app] #11 choice #10 #10
[mk-app] #17 string
[mk-app] #16 string
[mk-app] #17 string
[mk-app] #16 string
[mk-app] #18 string
[mk-app] #4 compose #18 #16
[mk-app] #7 indent #4
[mk-app] #6 string
[mk-app] #8 compose
[mk-app] #3 string
[mk-app] #5 compose #6 #17 #8 #3
[mk-app] #9 indent #5
[mk-app] #10 compose #7 #9
[mk-app] #11 choice #10 #10
[mk-app] #12 string
[mk-app] #13 string
[mk-app] #15 compose #18 #13
[mk-app] #24 indent #15
[mk-app] #25 cr
[mk-app] #26 compose #25 #12
[mk-app] #27 compose #6 #11 #26 #3
[mk-app] #14 indent #27
[mk-app] #19 compose #24 #14
[mk-app] #20 compose #6 #12
[mk-app] #21 compose #6 #10 #20 #3
[mk-app] #22 indent #21
[mk-app] #23 compose #24 #22
[mk-app] #28 choice #23 #19
[mk-app] #18 string
[mk-app] #13 string
[mk-app] #18 string
[mk-app] #13 string
[mk-app] #15 string
[mk-app] #24 compose #15 #13
[mk-app] #16 indent #24
[mk-app] #4 string
[mk-app] #7 compose
[mk-app] #6 string
[mk-app] #17 compose #4 #18 #7 #6
[mk-app] #8 indent #17
[mk-app] #3 compose #16 #8
[mk-app] #5 choice #3 #3
[mk-app] #15 string
[mk-app] #13 string
[mk-app] #15 string
[mk-app] #13 string
[mk-app] #24 string
[mk-app] #16 compose #24 #13
[mk-app] #4 indent #16
[mk-app] #18 string
[mk-app] #7 compose
[mk-app] #6 string
[mk-app] #17 compose #18 #15 #7 #6
[mk-app] #8 indent #17
[mk-app] #3 compose #4 #8
[mk-app] #5 choice #3 #3
[mk-app] #9 string
[mk-app] #10 string
[mk-app] #12 compose #24 #10
[mk-app] #20 indent #12
[mk-app] #21 cr
[mk-app] #22 compose #21 #9
[mk-app] #23 compose #18 #5 #22 #6
[mk-app] #11 indent #23
[mk-app] #25 compose #20 #11
[mk-app] #26 compose #18 #9
[mk-app] #27 compose #18 #3 #26 #6
[mk-app] #14 indent #27
[mk-app] #19 compose #20 #14
[mk-app] #28 choice #19 #25
[mk-app] #24 string
[mk-app] #10 string
[mk-app] #24 string
[mk-app] #10 string
[mk-app] #12 string
[mk-app] #20 compose #12 #10
[mk-app] #13 indent #20
[mk-app] #16 string
[mk-app] #4 compose
[mk-app] #18 string
[mk-app] #15 compose #16 #24 #4 #18
[mk-app] #7 indent #15
[mk-app] #6 compose #13 #7
[mk-app] #17 choice #6 #6
[mk-app] #12 string
[mk-app] #10 string
[mk-app] #12 string
[mk-app] #10 string
[mk-app] #20 string
[mk-app] #13 compose #20 #10
[mk-app] #16 indent #13
[mk-app] #24 string
[mk-app] #4 compose
[mk-app] #18 string
[mk-app] #15 compose #24 #12 #4 #18
[mk-app] #7 indent #15
[mk-app] #6 compose #16 #7
[mk-app] #17 choice #6 #6
[mk-app] #8 string
[mk-app] #3 compose #20 #8
[mk-app] #9 indent #3
[mk-app] #26 cr
[mk-app] #27 compose #26 #12
[mk-app] #14 compose #24 #17 #27 #18
[mk-app] #19 indent #14
[mk-app] #5 compose #9 #19
[mk-app] #21 compose #24 #12
[mk-app] #22 compose #24 #6 #21 #18
[mk-app] #23 indent #22
[mk-app] #11 compose #9 #23
[mk-app] #25 choice #11 #5
[mk-app] #20 string
[mk-app] #8 string
[mk-app] #3 string
[mk-app] #9 compose #3 #8
[mk-app] #10 indent #9
[mk-app] #13 string
[mk-app] #16 compose
[mk-app] #24 string
[mk-app] #12 compose #13 #20 #16 #24
[mk-app] #4 indent #12
[mk-app] #18 compose #10 #4
[mk-app] #15 choice #18 #18
[mk-app] #7 string
[mk-app] #6 string
[mk-app] #21 compose #3 #6
[mk-app] #22 indent #21
[mk-app] #23 cr
[mk-app] #11 compose #23 #7
[mk-app] #17 compose #13 #15 #11 #24
[mk-app] #26 indent #17
[mk-app] #27 compose #22 #26
[mk-app] #14 compose #13 #7
[mk-app] #19 compose #13 #18 #14 #24
[mk-app] #5 indent #19
[mk-app] #25 compose #22 #5
[mk-app] #28 choice #25 #27
[mk-app] #29 string
[mk-app] #30 compose #13 #29 #16 #24
[mk-app] #31 indent #30
[mk-app] #32 compose #10 #31
[mk-app] #33 choice #32 #32
[mk-app] #34 string
[mk-app] #35 compose #23 #34
[mk-app] #36 compose #13 #33 #35 #24
[mk-app] #37 indent #36
[mk-app] #38 compose #22 #37
[mk-app] #39 compose #13 #34
[mk-app] #40 compose #13 #32 #39 #24
[mk-app] #41 indent #40
[mk-app] #42 compose #22 #41
[mk-app] #43 choice #42 #38
[mk-app] #44 compose #13 #34 #16 #24
[mk-app] #45 indent #44
[mk-app] #46 compose #10 #45
[mk-app] #47 choice #46 #46
[mk-app] #48 compose #13 #47 #11 #24
[mk-app] #49 indent #48
[mk-app] #50 compose #22 #49
[mk-app] #51 compose #13 #46 #14 #24
[mk-app] #52 indent #51
[mk-app] #53 compose #22 #52
[mk-app] #54 choice #53 #50
[mk-app] #55 string
[mk-app] #56 compose #13 #55 #16 #24
[mk-app] #57 indent #56
[mk-app] #58 compose #10 #57
[mk-app] #59 choice #58 #58
[mk-app] #60 compose #23 #55
[mk-app] #61 compose #13 #59 #60 #24
[mk-app] #62 indent #61
[mk-app] #63 compose #22 #62
[mk-app] #64 compose #13 #55
[mk-app] #65 compose #13 #58 #64 #24
[mk-app] #66 indent #65
[mk-app] #67 compose #22 #66
[mk-app] #68 choice #67 #63
[mk-app] #69 string
[mk-app] #70 compose #3 #69
[mk-app] #71 indent #70
[mk-app] #72 compose #23 #43 #23 #54 #23 #68
[mk-app] #73 compose #13 #28 #72 #24
[mk-app] #74 indent #73
[mk-app] #75 compose #71 #74
[mk-app] #76 compose #13 #42 #13 #53 #13 #67
[mk-app] #77 compose #13 #25 #76 #24
[mk-app] #78 indent #77
[mk-app] #79 compose #71 #78
[mk-app] #80 choice #79 #75
[mk-app] #3 string
[mk-app] #69 string
[mk-app] #70 string
[mk-app] #71 compose #70 #69
[mk-app] #6 indent #71
[mk-app] #21 string
[mk-app] #22 compose
[mk-app] #8 string
[mk-app] #9 compose #21 #3 #22 #8
[mk-app] #10 indent #9
[mk-app] #13 compose #6 #10
[mk-app] #20 choice #13 #13
[mk-app] #16 string
[mk-app] #24 string
[mk-app] #12 compose #70 #24
[mk-app] #4 indent #12
[mk-app] #18 cr
[mk-app] #7 compose #18 #16
[mk-app] #14 compose #21 #20 #7 #8
[mk-app] #19 indent #14
[mk-app] #5 compose #4 #19
[mk-app] #25 compose #21 #16
[mk-app] #29 compose #21 #13 #25 #8
[mk-app] #30 indent #29
[mk-app] #31 compose #4 #30
[mk-app] #32 choice #31 #5
[mk-app] #34 string
[mk-app] #39 compose #21 #34 #22 #8
[mk-app] #40 indent #39
[mk-app] #41 compose #6 #40
[mk-app] #42 choice #41 #41
[mk-app] #44 string
[mk-app] #45 compose #18 #44
[mk-app] #46 compose #21 #42 #45 #8
[mk-app] #51 indent #46
[mk-app] #52 compose #4 #51
[mk-app] #53 compose #21 #44
[mk-app] #55 compose #21 #41 #53 #8
[mk-app] #56 indent #55
[mk-app] #57 compose #4 #56
[mk-app] #58 choice #57 #52
[mk-app] #64 compose #21 #44 #22 #8
[mk-app] #65 indent #64
[mk-app] #66 compose #6 #65
[mk-app] #67 choice #66 #66
[mk-app] #76 compose #21 #67 #7 #8
[mk-app] #77 indent #76
[mk-app] #78 compose #4 #77
[mk-app] #79 compose #21 #66 #25 #8
[mk-app] #15 indent #79
[mk-app] #23 compose #4 #15
[mk-app] #11 choice #23 #78
[mk-app] #17 string
[mk-app] #26 compose #21 #17 #22 #8
[mk-app] #27 indent #26
[mk-app] #28 compose #6 #27
[mk-app] #33 choice #28 #28
[mk-app] #35 compose #18 #17
[mk-app] #36 compose #21 #33 #35 #8
[mk-app] #37 indent #36
[mk-app] #38 compose #4 #37
[mk-app] #43 compose #21 #17
[mk-app] #47 compose #21 #28 #43 #8
[mk-app] #48 indent #47
[mk-app] #49 compose #4 #48
[mk-app] #50 choice #49 #38
[mk-app] #54 string
[mk-app] #59 compose #70 #54
[mk-app] #60 indent #59
[mk-app] #61 compose #18 #58 #18 #11 #18 #50
[mk-app] #62 compose #21 #32 #61 #8
[mk-app] #63 indent #62
[mk-app] #68 compose #60 #63
[mk-app] #72 compose #21 #57 #21 #23 #21 #49
[mk-app] #73 compose #21 #31 #72 #8
[mk-app] #74 indent #73
[mk-app] #75 compose #60 #74
[mk-app] #80 choice #75 #68
[mk-app] #81 string
[mk-app] #82 compose #70 #81
[mk-app] #83 indent #82
[mk-app] #84 compose #21 #80 #22 #8
[mk-app] #85 indent #84
[mk-app] #86 compose #83 #85
[mk-app] #87 compose #21 #75 #22 #8
[mk-app] #88 indent #87
[mk-app] #89 compose #83 #88
[mk-app] #90 choice #89 #86
[mk-app] #70 string
[mk-app] #81 string
[mk-app] #70 string
[mk-app] #81 string
[mk-app] #82 string
[mk-app] #83 compose #82 #81
[mk-app] #54 indent #83
[mk-app] #59 string
[mk-app] #60 compose
[mk-app] #24 string
[mk-app] #12 compose #59 #70 #60 #24
[mk-app] #4 indent #12
[mk-app] #69 compose #54 #4
[mk-app] #71 choice #69 #69
[mk-app] #82 string
[mk-app] #81 string
[mk-app] #82 string
[mk-app] #81 string
[mk-app] #83 string
[mk-app] #54 compose #83 #81
[mk-app] #59 indent #54
[mk-app] #70 string
[mk-app] #60 compose
[mk-app] #24 string
[mk-app] #12 compose #70 #82 #60 #24
[mk-app] #4 indent #12
[mk-app] #69 compose #59 #4
[mk-app] #71 choice #69 #69
[mk-app] #6 string
[mk-app] #21 string
[mk-app] #3 compose #83 #21
[mk-app] #22 indent #3
[mk-app] #8 cr
[mk-app] #9 compose #8 #6
[mk-app] #10 compose #70 #71 #9 #24
[mk-app] #13 indent #10
[mk-app] #16 compose #22 #13
[mk-app] #25 compose #70 #6
[mk-app] #29 compose #70 #69 #25 #24
[mk-app] #30 indent #29
[mk-app] #31 compose #22 #30
[mk-app] #34 choice #31 #16
[mk-app] #83 string
[mk-app] #21 string
[mk-app] #83 string
[mk-app] #21 string
[mk-app] #3 string
[mk-app] #22 compose #3 #21
[mk-app] #81 indent #22
[mk-app] #54 string
[mk-app] #59 compose
[mk-app] #70 string
[mk-app] #82 compose #54 #83 #59 #70
[mk-app] #60 indent #82
[mk-app] #24 compose #81 #60
[mk-app] #12 choice #24 #24
[mk-app] #3 string
[mk-app] #21 string
[mk-app] #3 string
[mk-app] #21 string
[mk-app] #22 string
[mk-app] #81 compose #22 #21
[mk-app] #54 indent #81
[mk-app] #83 string
[mk-app] #59 compose
[mk-app] #70 string
[mk-app] #82 compose #83 #3 #59 #70
[mk-app] #60 indent #82
[mk-app] #24 compose #54 #60
[mk-app] #12 choice #24 #24
[mk-app] #4 string
[mk-app] #69 string
[mk-app] #6 compose #22 #69
[mk-app] #25 indent #6
[mk-app] #29 cr
[mk-app] #30 compose #29 #4
[mk-app] #31 compose #83 #12 #30 #70
[mk-app] #71 indent #31
[mk-app] #8 compose #25 #71
[mk-app] #9 compose #83 #4
[mk-app] #10 compose #83 #24 #9 #70
[mk-app] #13 indent #10
[mk-app] #16 compose #25 #13
[mk-app] #34 choice #16 #8
[mk-app] #22 string
[mk-app] #69 string
[mk-app] #22 string
[mk-app] #69 string
[mk-app] #6 string
[mk-app] #25 compose #6 #69
[mk-app] #21 indent #25
[mk-app] #81 string
[mk-app] #54 compose
[mk-app] #83 string
[mk-app] #3 compose #81 #22 #54 #83
[mk-app] #59 indent #3
[mk-app] #70 compose #21 #59
[mk-app] #82 choice #70 #70
[mk-app] #6 string
[mk-app] #69 string
[mk-app] #6 string
[mk-app] #69 string
[mk-app] #25 string
[mk-app] #21 compose #25 #69
[mk-app] #81 indent #21
[mk-app] #22 string
[mk-app] #54 compose
[mk-app] #83 string
[mk-app] #3 compose #22 #6 #54 #83
[mk-app] #59 indent #3
[mk-app] #70 compose #81 #59
[mk-app] #82 choice #70 #70
[mk-app] #60 string
[mk-app] #24 string
[mk-app] #4 compose #25 #24
[mk-app] #9 indent #4
[mk-app] #10 cr
[mk-app] #13 compose #10 #60
[mk-app] #16 compose #22 #82 #13 #83
[mk-app] #12 indent #16
[mk-app] #29 compose #9 #12
[mk-app] #30 compose #22 #60
[mk-app] #31 compose #22 #70 #30 #83
[mk-app] #71 indent #31
[mk-app] #8 compose #9 #71
[mk-app] #34 choice #8 #29
[mk-app] #25 string
[mk-app] #24 string
[mk-app] #25 string
[mk-app] #24 string
[mk-app] #4 string
[mk-app] #9 compose #4 #24
[mk-app] #69 indent #9
[mk-app] #21 string
[mk-app] #81 compose
[mk-app] #22 string
[mk-app] #6 compose #21 #25 #81 #22
[mk-app] #54 indent #6
[mk-app] #83 compose #69 #54
[mk-app] #3 choice #83 #83
[mk-app] #4 string
[mk-app] #24 string
[mk-app] #4 string
[mk-app] #24 string
[mk-app] #9 string
[mk-app] #69 compose #9 #24
[mk-app] #21 indent #69
[mk-app] #25 string
[mk-app] #81 compose
[mk-app] #22 string
[mk-app] #6 compose #25 #4 #81 #22
[mk-app] #54 indent #6
[mk-app] #83 compose #21 #54
[mk-app] #3 choice #83 #83
[mk-app] #59 string
[mk-app] #70 string
[mk-app] #60 compose #9 #70
[mk-app] #30 indent #60
[mk-app] #31 cr
[mk-app] #71 compose #31 #59
[mk-app] #8 compose #25 #3 #71 #22
[mk-app] #82 indent #8
[mk-app] #10 compose #30 #82
[mk-app] #13 compose #25 #59
[mk-app] #16 compose #25 #83 #13 #22
[mk-app] #12 indent #16
[mk-app] #29 compose #30 #12
[mk-app] #34 choice #29 #10
[mk-app] #9 string
[mk-app] #70 string
[mk-app] #9 string
[mk-app] #70 string
[mk-app] #9 string
[mk-app] #70 string
[mk-app] #60 string
[mk-app] #30 string
[mk-app] #24 compose #30 #60
[mk-app] #69 indent #24
[mk-app] #21 string
[mk-app] #25 cr
[mk-app] #4 compose #25 #70
[mk-app] #81 string
[mk-app] #22 compose #21 #9 #4 #81
[mk-app] #6 indent #22
[mk-app] #54 compose #69 #6
[mk-app] #83 compose #21 #70
[mk-app] #59 compose #21 #9 #83 #81
[mk-app] #13 indent #59
[mk-app] #16 compose #69 #13
[mk-app] #12 choice #16 #54
[mk-app] #30 string
[mk-app] #60 string
[mk-app] #30 string
[mk-app] #60 string
[mk-app] #30 string
[mk-app] #60 string
[mk-app] #24 string
[mk-app] #69 string
[mk-app] #9 compose #69 #24
[mk-app] #21 indent #9
[mk-app] #70 string
[mk-app] #83 cr
[mk-app] #81 compose #83 #60
[mk-app] #59 string
[mk-app] #13 compose #70 #30 #81 #59
[mk-app] #16 indent #13
[mk-app] #25 compose #21 #16
[mk-app] #4 compose #70 #60
[mk-app] #22 compose #70 #30 #4 #59
[mk-app] #6 indent #22
[mk-app] #54 compose #21 #6
[mk-app] #12 choice #54 #25
[mk-app] #69 string
[mk-app] #24 string
[mk-app] #9 string
[mk-app] #21 string
[mk-app] #30 compose #21 #9
[mk-app] #70 indent #30
[mk-app] #60 string
[mk-app] #4 cr
[mk-app] #59 compose #4 #24
[mk-app] #22 string
[mk-app] #6 compose #60 #69 #59 #22
[mk-app] #54 indent #6
[mk-app] #83 compose #70 #54
[mk-app] #81 compose #60 #24
[mk-app] #13 compose #60 #69 #81 #22
[mk-app] #16 indent #13
[mk-app] #25 compose #70 #16
[mk-app] #12 choice #25 #83
[mk-app] #29 string
[mk-app] #3 compose #21 #29
[mk-app] #31 indent #3
[mk-app] #71 compose
[mk-app] #8 compose #60 #12 #71 #22
[mk-app] #82 indent #8
[mk-app] #10 compose #31 #82
[mk-app] #34 compose #60 #25 #71 #22
[mk-app] #39 indent #34
[mk-app] #40 compose #31 #39
[mk-app] #41 choice #40 #10
[mk-app] #21 string
[mk-app] #29 string
[mk-app] #3 string
[mk-app] #31 compose #3 #29
[mk-app] #9 indent #31
[mk-app] #30 string
[mk-app] #70 compose
[mk-app] #69 string
[mk-app] #60 compose #30 #21 #70 #69
[mk-app] #24 indent #60
[mk-app] #81 compose #9 #24
[mk-app] #22 choice #81 #81
[mk-app] #13 string
[mk-app] #16 string
[mk-app] #25 compose #3 #16
[mk-app] #71 indent #25
[mk-app] #34 cr
[mk-app] #39 compose #34 #13
[mk-app] #40 compose #30 #22 #39 #69
[mk-app] #4 indent #40
[mk-app] #59 compose #71 #4
[mk-app] #6 compose #30 #13
[mk-app] #54 compose #30 #81 #6 #69
[mk-app] #83 indent #54
[mk-app] #12 compose #71 #83
[mk-app] #8 choice #12 #59
[mk-app] #82 string
[mk-app] #10 compose #30 #82 #70 #69
[mk-app] #41 indent #10
[mk-app] #44 compose #9 #41
[mk-app] #53 choice #44 #44
[mk-app] #55 string
[mk-app] #56 compose #34 #55
[mk-app] #57 compose #30 #53 #56 #69
[mk-app] #64 indent #57
[mk-app] #65 compose #71 #64
[mk-app] #66 compose #30 #55
[mk-app] #79 compose #30 #44 #66 #69
[mk-app] #15 indent #79
[mk-app] #23 compose #71 #15
[mk-app] #17 choice #23 #65
[mk-app] #26 compose #30 #13 #70 #69
[mk-app] #27 indent #26
[mk-app] #28 compose #9 #27
[mk-app] #43 choice #28 #28
[mk-app] #47 string
[mk-app] #48 compose #34 #47
[mk-app] #49 compose #30 #43 #48 #69
[mk-app] #72 indent #49
[mk-app] #73 compose #71 #72
[mk-app] #74 compose #30 #47
[mk-app] #75 compose #30 #28 #74 #69
[mk-app] #87 indent #75
[mk-app] #88 compose #71 #87
[mk-app] #89 choice #88 #73
[mk-app] #20 compose #30 #55 #70 #69
[mk-app] #18 indent #20
[mk-app] #7 compose #9 #18
[mk-app] #14 choice #7 #7
[mk-app] #19 string
[mk-app] #5 compose #34 #19
[mk-app] #32 compose #30 #14 #5 #69
[mk-app] #42 indent #32
[mk-app] #45 compose #71 #42
[mk-app] #46 compose #30 #19
[mk-app] #51 compose #30 #7 #46 #69
[mk-app] #52 indent #51
[mk-app] #58 compose #71 #52
[mk-app] #67 choice #58 #45
[mk-app] #76 compose #34 #82
[mk-app] #77 compose #30 #21 #76 #69
[mk-app] #78 indent #77
[mk-app] #11 compose #71 #78
[mk-app] #33 compose #30 #82
[mk-app] #35 compose #30 #21 #33 #69
[mk-app] #36 indent #35
[mk-app] #37 compose #71 #36
[mk-app] #38 choice #37 #11
[mk-app] #50 compose #30 #19 #76 #69
[mk-app] #61 indent #50
[mk-app] #62 compose #71 #61
[mk-app] #63 compose #30 #19 #33 #69
[mk-app] #68 indent #63
[mk-app] #80 compose #71 #68
[mk-app] #84 choice #80 #62
[mk-app] #85 string
[mk-app] #86 compose #3 #85
[mk-app] #90 indent #86
[mk-app] #91 compose #30 #84 #70 #69
[mk-app] #92 indent #91
[mk-app] #93 compose #90 #92
[mk-app] #94 compose #30 #80 #70 #69
[mk-app] #95 indent #94
[mk-app] #96 compose #90 #95
[mk-app] #97 choice #96 #93
[mk-app] #98 string
[mk-app] #99 compose #3 #98
[mk-app] #100 indent #99
[mk-app] #101 compose #34 #17 #34 #89 #34 #67 #34 #38 #34 #97
[mk-app] #102 compose #30 #8 #101 #69
[mk-app] #103 indent #102
[mk-app] #104 compose #100 #103
[mk-app] #105 compose #30 #23 #30 #88 #30 #58 #30 #37 #30 #96
[mk-app] #106 compose #30 #12 #105 #69
[mk-app] #107 indent #106
[mk-app] #108 compose #100 #107
[mk-app] #109 choice #108 #104
[mk-app] #3 string
[mk-app] #98 string
[mk-app] #99 string
[mk-app] #100 compose #99 #98
[mk-app] #16 indent #100
[mk-app] #25 string
[mk-app] #71 compose
[mk-app] #29 string
[mk-app] #31 compose #25 #3 #71 #29
[mk-app] #9 indent #31
[mk-app] #30 compose #16 #9
[mk-app] #21 choice #30 #30
[mk-app] #70 string
[mk-app] #69 string
[mk-app] #60 compose #99 #69
[mk-app] #24 indent #60
[mk-app] #81 cr
[mk-app] #13 compose #81 #70
[mk-app] #6 compose #25 #21 #13 #29
[mk-app] #54 indent #6
[mk-app] #83 compose #24 #54
[mk-app] #12 compose #25 #70
[mk-app] #82 compose #25 #30 #12 #29
[mk-app] #10 indent #82
[mk-app] #41 compose #24 #10
[mk-app] #44 choice #41 #83
[mk-app] #55 string
[mk-app] #66 compose #25 #55 #71 #29
[mk-app] #79 indent #66
[mk-app] #15 compose #16 #79
[mk-app] #23 choice #15 #15
[mk-app] #26 string
[mk-app] #27 compose #81 #26
[mk-app] #28 compose #25 #23 #27 #29
[mk-app] #47 indent #28
[mk-app] #74 compose #24 #47
[mk-app] #75 compose #25 #26
[mk-app] #87 compose #25 #15 #75 #29
[mk-app] #88 indent #87
[mk-app] #20 compose #24 #88
[mk-app] #18 choice #20 #74
[mk-app] #7 compose #25 #26 #71 #29
[mk-app] #19 indent #7
[mk-app] #46 compose #16 #19
[mk-app] #51 choice #46 #46
[mk-app] #52 compose #25 #51 #13 #29
[mk-app] #58 indent #52
[mk-app] #33 compose #24 #58
[mk-app] #35 compose #25 #46 #12 #29
[mk-app] #36 indent #35
[mk-app] #37 compose #24 #36
[mk-app] #85 choice #37 #33
[mk-app] #86 string
[mk-app] #90 compose #25 #86 #71 #29
[mk-app] #63 indent #90
[mk-app] #68 compose #16 #63
[mk-app] #80 choice #68 #68
[mk-app] #94 compose #81 #86
[mk-app] #95 compose #25 #80 #94 #29
[mk-app] #96 indent #95
[mk-app] #105 compose #24 #96
[mk-app] #106 compose #25 #86
[mk-app] #107 compose #25 #68 #106 #29
[mk-app] #108 indent #107
[mk-app] #22 compose #24 #108
[mk-app] #34 choice #22 #105
[mk-app] #39 string
[mk-app] #40 compose #99 #39
[mk-app] #4 indent #40
[mk-app] #59 compose #81 #18 #81 #85 #81 #34
[mk-app] #8 compose #25 #44 #59 #29
[mk-app] #53 indent #8
[mk-app] #56 compose #4 #53
[mk-app] #57 compose #25 #20 #25 #37 #25 #22
[mk-app] #64 compose #25 #41 #57 #29
[mk-app] #65 indent #64
[mk-app] #17 compose #4 #65
[mk-app] #43 choice #17 #56
[mk-app] #48 string
[mk-app] #49 compose #99 #48
[mk-app] #72 indent #49
[mk-app] #73 compose #25 #43 #71 #29
[mk-app] #89 indent #73
[mk-app] #14 compose #72 #89
[mk-app] #5 compose #25 #17 #71 #29
[mk-app] #32 indent #5
[mk-app] #42 compose #72 #32
[mk-app] #45 choice #42 #14
[mk-app] #67 string
[mk-app] #76 string
[mk-app] #77 compose #99 #76
[mk-app] #78 indent #77
[mk-app] #11 compose #78 #9
[mk-app] #38 choice #11 #11
[mk-app] #50 string
[mk-app] #61 compose #81 #50
[mk-app] #62 compose #25 #38 #61 #29
[mk-app] #84 indent #62
[mk-app] #91 compose #24 #84
[mk-app] #92 compose #25 #50
[mk-app] #93 compose #25 #11 #92 #29
[mk-app] #97 indent #93
[mk-app] #101 compose #24 #97
[mk-app] #102 choice #101 #91
[mk-app] #103 compose #78 #63
[mk-app] #104 choice #103 #103
[mk-app] #109 string
[mk-app] #110 compose #81 #109
[mk-app] #111 compose #25 #104 #110 #29
[mk-app] #112 indent #111
[mk-app] #113 compose #24 #112
[mk-app] #114 compose #25 #109
[mk-app] #115 compose #25 #103 #114 #29
[mk-app] #116 indent #115
[mk-app] #117 compose #24 #116
[mk-app] #118 choice #117 #113
[mk-app] #119 compose #25 #50 #71 #29
[mk-app] #120 indent #119
[mk-app] #121 compose #78 #120
[mk-app] #122 choice #121 #121
[mk-app] #123 compose #81 #55
[mk-app] #124 compose #25 #122 #123 #29
[mk-app] #125 indent #124
[mk-app] #126 compose #24 #125
[mk-app] #127 compose #25 #55
[mk-app] #128 compose #25 #121 #127 #29
[mk-app] #129 indent #128
[mk-app] #130 compose #24 #129
[mk-app] #131 choice #130 #126
[mk-app] #132 compose #25 #109 #71 #29
[mk-app] #133 indent #132
[mk-app] #134 compose #78 #133
[mk-app] #135 choice #134 #134
[mk-app] #136 compose #25 #135 #27 #29
[mk-app] #137 indent #136
[mk-app] #138 compose #24 #137
[mk-app] #139 compose #25 #134 #75 #29
[mk-app] #140 indent #139
[mk-app] #141 compose #24 #140
[mk-app] #142 choice #141 #138
[mk-app] #143 compose #25 #3 #94 #29
[mk-app] #144 indent #143
[mk-app] #145 compose #24 #144
[mk-app] #146 compose #25 #3 #106 #29
[mk-app] #147 indent #146
[mk-app] #148 compose #24 #147
[mk-app] #149 choice #148 #145
[mk-app] #150 compose #25 #26 #94 #29
[mk-app] #151 indent #150
[mk-app] #152 compose #24 #151
[mk-app] #153 compose #25 #26 #106 #29
[mk-app] #154 indent #153
[mk-app] #155 compose #24 #154
[mk-app] #156 choice #155 #152
[mk-app] #157 string
[mk-app] #158 compose #99 #157
[mk-app] #159 indent #158
[mk-app] #160 compose #25 #156 #71 #29
[mk-app] #161 indent #160
[mk-app] #162 compose #159 #161
[mk-app] #163 compose #25 #155 #71 #29
[mk-app] #164 indent #163
[mk-app] #165 compose #159 #164
[mk-app] #166 choice #165 #162
[mk-app] #167 compose #81 #102 #81 #118 #81 #131 #81 #142 #81 #149 #81 #166
[mk-app] #168 compose #25 #67 #167 #29
[mk-app] #169 indent #168
[mk-app] #170 compose #4 #169
[mk-app] #171 compose #25 #101 #25 #117 #25 #130 #25 #141 #25 #148 #25 #165
[mk-app] #172 compose #25 #67 #171 #29
[mk-app] #173 indent #172
[mk-app] #174 compose #4 #173
[mk-app] #175 choice #174 #170
[mk-app] #176 compose #25 #45 #71 #29
[mk-app] #177 indent #176
[mk-app] #178 compose #99 #67 #177
[mk-app] #179 compose #25 #42 #71 #29
[mk-app] #180 indent #179
[mk-app] #181 compose #99 #67 #180
[mk-app] #182 choice #181 #178
[mk-app] #183 string
[mk-app] #184 compose #99 #182
[mk-app] #185 indent #184
[mk-app] #186 compose #71 #29
[mk-app] #187 indent #186
[mk-app] #188 compose #185 #187
[mk-app] #189 compose #99 #181
[mk-app] #190 indent #189
[mk-app] #191 compose #190 #187
[mk-app] #192 choice #191 #188
[mk-app] #193 indent #192
[mk-app] #194 compose #81 #175
[mk-app] #195 indent #194
[mk-app] #196 compose #183 #193 #195 #29
[eof]
