This is pdfTeX, Version 3.14159265-2.6-1.40.21 (TeX Live 2020/Arch Linux) (preloaded format=latex 2020.8.13)  24 AUG 2020 17:01
entering extended mode
 restricted \write18 enabled.
 %&-line parsing enabled.
**booktabs.ins
(./booktabs.ins
LaTeX2e <2020-02-02> patch level 5
L3 programming layer <2020-06-03>
(/usr/share/texmf-dist/tex/latex/base/docstrip.tex
\blockLevel=\count167
\emptyLines=\count168
\processedLines=\count169
\commentsRemoved=\count170
\commentsPassed=\count171
\codeLinesPassed=\count172
\TotalprocessedLines=\count173
\TotalcommentsRemoved=\count174
\TotalcommentsPassed=\count175
\TotalcodeLinesPassed=\count176
\NumberOfFiles=\count177
\inFile=\read2
\inputcheck=\read3
\off@0=\count178
\off@1=\count179
\off@2=\count180
\off@3=\count181
\off@4=\count182
\off@5=\count183
\off@6=\count184
\off@7=\count185
\off@8=\count186
\off@9=\count187
\off@10=\count188
\off@11=\count189
\off@12=\count190
\off@13=\count191
\off@14=\count192
\off@15=\count193
\@maxfiles=\count194
\@maxoutfiles=\count195

Utility: `docstrip' 2.5g <2018/05/03>
English documentation    <2018/05/03>

**********************************************************
* This program converts documented macro-files into fast *
* loadable files by stripping off (nearly) all comments! *
**********************************************************

********************************************************
* No Configuration file found, using default settings. *
********************************************************

)

Generating file(s) ./booktabs.sty 

Processing file booktabs.dtx (package) -> booktabs.sty
Lines  processed: 1053
Comments removed: 882
Comments  passed: 0
Codelines passed: 161

**********************************************************
*                                                        *
* To finish the installation you have to move the        *
* following file into a directory searched by TeX:       *
*                                                        *
*    booktabs.sty                                        *
*                                                        *
* To produce the documentation run the file booktabs.dtx *
* through LaTeX.                                         *
*                                                        *
* Happy TeXing!                                          *
**********************************************************
 ) 
Here is how much of TeX's memory you used:
 322 strings out of 480479
 3402 string characters out of 5905985
 240716 words of memory out of 5000000
 16442 multiletter control sequences out of 15000+600000
 532338 words of font info for 24 fonts, out of 8000000 for 9000
 1141 hyphenation exceptions out of 8191
 12i,0n,15p,127b,121s stack positions out of 5000i,500n,10000p,200000b,80000s

No pages of output.
