Initial Inequalities:
Octagonal Formula: 0 <= -27
Octagonal Formula: 0 <= 44
Octagonal Formula: - x_3 <= 17
Octagonal Formula: - x_9 + x_6 <= -29
Octagonal Formula: + x_13 - x_8 <= 2
Octagonal Formula: - x_16 - x_4 <= 24
Octagonal Formula: - x_16 + x_6 <= -34
Octagonal Formula: + x_16 - x_5 <= 13
Octagonal Formula: + x_17 + x_1 <= 45
Octagonal Formula: + x_17 - x_16 <= -34
Octagonal Formula: - x_18 + x_15 <= -44
Octagonal Formula: - x_19 - x_18 <= 28
Octagonal Formula: - x_20 + x_18 <= -48
Octagonal Formula: + x_21 + x_17 <= -16
Octagonal Formula: - x_23 - x_22 <= 36
Octagonal Formula: + x_23 + x_19 <= -43
Octagonal Formula: - x_24 - x_2 <= 44
Octagonal Formula: - x_24 - x_23 <= 15
Octagonal Formula: + x_24 - x_10 <= -12
Octagonal Formula: - x_25 + x_16 <= -8
Octagonal Formula: + x_25 + x_2 <= -30
Octagonal Formula: - x_28 + x_3 <= -26
Octagonal Formula: + x_28 + x_16 <= 11
Octagonal Formula: - x_29 + x_6 <= -45
Octagonal Formula: + x_29 + x_7 <= 49
Octagonal Formula: - x_30 + x_20 <= 44
Octagonal Formula: + x_30 - x_14 <= -37
Octagonal Formula: + x_30 - x_24 <= -43
Octagonal Formula: + x_31 - x_9 <= 46
Octagonal Formula: - x_32 + x_7 <= 29
Octagonal Formula: + x_32 + x_6 <= -29
Octagonal Formula: + x_32 - x_26 <= -10
Octagonal Formula: - x_33 + x_1 <= 18
Octagonal Formula: - x_33 - x_4 <= -37
Octagonal Formula: + x_33 - x_20 <= -32
Octagonal Formula: + x_33 + x_21 <= 36
Octagonal Formula: + x_34 - x_30 <= -41
Octagonal Formula: + x_35 + x_28 <= 34
Octagonal Formula: - x_37 - x_32 <= -3
Octagonal Formula: + x_37 + x_10 <= -22
Octagonal Formula: + x_37 - x_26 <= 4
Octagonal Formula: - x_38 - x_22 <= 23
Octagonal Formula: - x_39 + x_24 <= -37
Octagonal Formula: + x_39 + x_13 <= 37
Octagonal Formula: + x_39 + x_17 <= 49
Octagonal Formula: + x_39 + x_28 <= -14
Octagonal Formula: - x_40 + x_14 <= -3
Octagonal Formula: - x_40 + x_27 <= -47
Octagonal Formula: - x_40 - x_31 <= 30
Octagonal Formula: - x_40 - x_32 <= 7
Octagonal Formula: + x_40 - x_5 <= 26
Octagonal Formula: - x_41 + x_29 <= -34
Octagonal Formula: - x_42 - x_9 <= 2
Octagonal Formula: + x_42 + x_6 <= 15
Octagonal Formula: + x_42 + x_10 <= -7
Octagonal Formula: + x_42 - x_12 <= -19
Octagonal Formula: + x_42 - x_36 <= -18
Octagonal Formula: + x_43 + x_8 <= 6
Octagonal Formula: + x_43 + x_17 <= 6
Octagonal Formula: + x_43 + x_40 <= -8
Octagonal Formula: + x_43 - x_41 <= 47
Octagonal Formula: - x_44 + x_13 <= 41
Octagonal Formula: - x_44 - x_18 <= -10
Octagonal Formula: - x_44 - x_19 <= 25
Octagonal Formula: + x_44 + x_17 <= -26
Octagonal Formula: + x_44 + x_20 <= 25
Octagonal Formula: + x_44 + x_40 <= -47
Octagonal Formula: - x_45 - x_41 <= -45
Octagonal Formula: + x_45 + x_3 <= -7
Octagonal Formula: + x_45 + x_13 <= -2
Octagonal Formula: + x_45 - x_40 <= 26
Octagonal Formula: + x_46 + x_14 <= 15
Octagonal Formula: - x_47 + x_3 <= 17
Octagonal Formula: - x_47 - x_19 <= 29
Octagonal Formula: - x_47 - x_29 <= -42
Octagonal Formula: - x_47 - x_44 <= 21
Octagonal Formula: - x_48 + x_8 <= -11
Octagonal Formula: - x_48 + x_20 <= -6
Octagonal Formula: - x_48 + x_27 <= -26
Octagonal Formula: - x_48 - x_28 <= 28
Octagonal Formula: + x_48 - x_7 <= -20
Octagonal Formula: + x_48 - x_42 <= -44
Octagonal Formula: - x_49 + x_7 <= 6
Octagonal Formula: + x_49 + x_34 <= -46
Octagonal Formula: + x_50 + x_31 <= -29
Octagonal Formula: + x_50 - x_47 <= 47
Octagonal Formula: - x_51 + x_5 <= 47
Octagonal Formula: - x_51 - x_19 <= -42
Octagonal Formula: + x_51 + x_39 <= 31
Octagonal Formula: + x_52 - x_22 <= 29
Octagonal Formula: - x_53 + x_17 <= 42
Octagonal Formula: - x_53 - x_27 <= -8
Octagonal Formula: + x_53 + x_29 <= -45
Octagonal Formula: - x_54 + x_17 <= -2
Octagonal Formula: - x_54 + x_41 <= 9
Octagonal Formula: + x_54 - x_16 <= 39
Octagonal Formula: + x_54 - x_24 <= 44
Octagonal Formula: - x_55 + x_53 <= 21
Octagonal Formula: + x_55 - x_7 <= -47
Octagonal Formula: + x_55 - x_13 <= 5
Octagonal Formula: + x_55 - x_52 <= -6
Octagonal Formula: + x_56 - x_22 <= 29
Octagonal Formula: + x_56 + x_53 <= -4
Octagonal Formula: - x_57 - x_12 <= 21
Octagonal Formula: - x_57 + x_23 <= -36
Octagonal Formula: - x_57 - x_48 <= 1
Octagonal Formula: - x_57 + x_48 <= 6
Octagonal Formula: - x_58 - x_24 <= 1
Octagonal Formula: - x_58 + x_27 <= -43
Octagonal Formula: - x_58 - x_30 <= 32
Octagonal Formula: - x_58 - x_48 <= 25
Octagonal Formula: + x_58 + x_22 <= -39
Octagonal Formula: + x_58 - x_34 <= 43
Octagonal Formula: + x_58 + x_42 <= 16
Octagonal Formula: - x_59 - x_15 <= -2
Octagonal Formula: - x_59 + x_16 <= -11
Octagonal Formula: - x_59 - x_18 <= -37
Octagonal Formula: - x_59 - x_37 <= 22
Octagonal Formula: + x_59 + x_1 <= 39
Octagonal Formula: + x_59 - x_5 <= -39
Octagonal Formula: - x_60 - x_16 <= 14
Octagonal Formula: - x_61 - x_27 <= -50
Octagonal Formula: - x_62 - x_9 <= 3
Octagonal Formula: - x_62 + x_55 <= 7
Octagonal Formula: + x_62 + x_3 <= -44
Octagonal Formula: + x_62 - x_14 <= 25
Octagonal Formula: + x_62 + x_22 <= -9
Octagonal Formula: + x_62 + x_45 <= 19
Octagonal Formula: - x_63 + x_33 <= 29
Octagonal Formula: - x_63 + x_34 <= 28
Octagonal Formula: - x_63 - x_35 <= 20
Octagonal Formula: - x_63 - x_51 <= 42
Octagonal Formula: + x_63 - x_2 <= 26
Octagonal Formula: + x_63 + x_28 <= -49

Eliminating variable x_10
Taking inequalities:
Octagonal Formula: + x_37 + x_10 <= -22
Octagonal Formula: + x_24 - x_10 <= -12
To produce this
Octagonal Formula: + x_37 + x_24 <= -34

Taking inequalities:
Octagonal Formula: + x_42 + x_10 <= -7
Octagonal Formula: + x_24 - x_10 <= -12
To produce this
Octagonal Formula: + x_42 + x_24 <= -19

After Eliminating Variable x_10
Octagonal Formula: 0 <= -27
Octagonal Formula: 0 <= 44
Octagonal Formula: - x_3 <= 17
Octagonal Formula: - x_9 + x_6 <= -29
Octagonal Formula: + x_13 - x_8 <= 2
Octagonal Formula: - x_16 - x_4 <= 24
Octagonal Formula: - x_16 + x_6 <= -34
Octagonal Formula: + x_16 - x_5 <= 13
Octagonal Formula: + x_17 + x_1 <= 45
Octagonal Formula: + x_17 - x_16 <= -34
Octagonal Formula: - x_18 + x_15 <= -44
Octagonal Formula: - x_19 - x_18 <= 28
Octagonal Formula: - x_20 + x_18 <= -48
Octagonal Formula: + x_21 + x_17 <= -16
Octagonal Formula: - x_23 - x_22 <= 36
Octagonal Formula: + x_23 + x_19 <= -43
Octagonal Formula: - x_24 - x_2 <= 44
Octagonal Formula: - x_24 - x_23 <= 15
Octagonal Formula: - x_25 + x_16 <= -8
Octagonal Formula: + x_25 + x_2 <= -30
Octagonal Formula: - x_28 + x_3 <= -26
Octagonal Formula: + x_28 + x_16 <= 11
Octagonal Formula: - x_29 + x_6 <= -45
Octagonal Formula: + x_29 + x_7 <= 49
Octagonal Formula: - x_30 + x_20 <= 44
Octagonal Formula: + x_30 - x_14 <= -37
Octagonal Formula: + x_30 - x_24 <= -43
Octagonal Formula: + x_31 - x_9 <= 46
Octagonal Formula: - x_32 + x_7 <= 29
Octagonal Formula: + x_32 + x_6 <= -29
Octagonal Formula: + x_32 - x_26 <= -10
Octagonal Formula: - x_33 + x_1 <= 18
Octagonal Formula: - x_33 - x_4 <= -37
Octagonal Formula: + x_33 - x_20 <= -32
Octagonal Formula: + x_33 + x_21 <= 36
Octagonal Formula: + x_34 - x_30 <= -41
Octagonal Formula: + x_35 + x_28 <= 34
Octagonal Formula: - x_37 - x_32 <= -3
Octagonal Formula: + x_37 + x_24 <= -34
Octagonal Formula: + x_37 - x_26 <= 4
Octagonal Formula: - x_38 - x_22 <= 23
Octagonal Formula: - x_39 + x_24 <= -37
Octagonal Formula: + x_39 + x_13 <= 37
Octagonal Formula: + x_39 + x_17 <= 49
Octagonal Formula: + x_39 + x_28 <= -14
Octagonal Formula: - x_40 + x_14 <= -3
Octagonal Formula: - x_40 + x_27 <= -47
Octagonal Formula: - x_40 - x_31 <= 30
Octagonal Formula: - x_40 - x_32 <= 7
Octagonal Formula: + x_40 - x_5 <= 26
Octagonal Formula: - x_41 + x_29 <= -34
Octagonal Formula: - x_42 - x_9 <= 2
Octagonal Formula: + x_42 + x_6 <= 15
Octagonal Formula: + x_42 - x_12 <= -19
Octagonal Formula: + x_42 + x_24 <= -19
Octagonal Formula: + x_42 - x_36 <= -18
Octagonal Formula: + x_43 + x_8 <= 6
Octagonal Formula: + x_43 + x_17 <= 6
Octagonal Formula: + x_43 + x_40 <= -8
Octagonal Formula: + x_43 - x_41 <= 47
Octagonal Formula: - x_44 + x_13 <= 41
Octagonal Formula: - x_44 - x_18 <= -10
Octagonal Formula: - x_44 - x_19 <= 25
Octagonal Formula: + x_44 + x_17 <= -26
Octagonal Formula: + x_44 + x_20 <= 25
Octagonal Formula: + x_44 + x_40 <= -47
Octagonal Formula: - x_45 - x_41 <= -45
Octagonal Formula: + x_45 + x_3 <= -7
Octagonal Formula: + x_45 + x_13 <= -2
Octagonal Formula: + x_45 - x_40 <= 26
Octagonal Formula: + x_46 + x_14 <= 15
Octagonal Formula: - x_47 + x_3 <= 17
Octagonal Formula: - x_47 - x_19 <= 29
Octagonal Formula: - x_47 - x_29 <= -42
Octagonal Formula: - x_47 - x_44 <= 21
Octagonal Formula: - x_48 + x_8 <= -11
Octagonal Formula: - x_48 + x_20 <= -6
Octagonal Formula: - x_48 + x_27 <= -26
Octagonal Formula: - x_48 - x_28 <= 28
Octagonal Formula: + x_48 - x_7 <= -20
Octagonal Formula: + x_48 - x_42 <= -44
Octagonal Formula: - x_49 + x_7 <= 6
Octagonal Formula: + x_49 + x_34 <= -46
Octagonal Formula: + x_50 + x_31 <= -29
Octagonal Formula: + x_50 - x_47 <= 47
Octagonal Formula: - x_51 + x_5 <= 47
Octagonal Formula: - x_51 - x_19 <= -42
Octagonal Formula: + x_51 + x_39 <= 31
Octagonal Formula: + x_52 - x_22 <= 29
Octagonal Formula: - x_53 + x_17 <= 42
Octagonal Formula: - x_53 - x_27 <= -8
Octagonal Formula: + x_53 + x_29 <= -45
Octagonal Formula: - x_54 + x_17 <= -2
Octagonal Formula: - x_54 + x_41 <= 9
Octagonal Formula: + x_54 - x_16 <= 39
Octagonal Formula: + x_54 - x_24 <= 44
Octagonal Formula: - x_55 + x_53 <= 21
Octagonal Formula: + x_55 - x_7 <= -47
Octagonal Formula: + x_55 - x_13 <= 5
Octagonal Formula: + x_55 - x_52 <= -6
Octagonal Formula: + x_56 - x_22 <= 29
Octagonal Formula: + x_56 + x_53 <= -4
Octagonal Formula: - x_57 - x_12 <= 21
Octagonal Formula: - x_57 + x_23 <= -36
Octagonal Formula: - x_57 - x_48 <= 1
Octagonal Formula: - x_57 + x_48 <= 6
Octagonal Formula: - x_58 - x_24 <= 1
Octagonal Formula: - x_58 + x_27 <= -43
Octagonal Formula: - x_58 - x_30 <= 32
Octagonal Formula: - x_58 - x_48 <= 25
Octagonal Formula: + x_58 + x_22 <= -39
Octagonal Formula: + x_58 - x_34 <= 43
Octagonal Formula: + x_58 + x_42 <= 16
Octagonal Formula: - x_59 - x_15 <= -2
Octagonal Formula: - x_59 + x_16 <= -11
Octagonal Formula: - x_59 - x_18 <= -37
Octagonal Formula: - x_59 - x_37 <= 22
Octagonal Formula: + x_59 + x_1 <= 39
Octagonal Formula: + x_59 - x_5 <= -39
Octagonal Formula: - x_60 - x_16 <= 14
Octagonal Formula: - x_61 - x_27 <= -50
Octagonal Formula: - x_62 - x_9 <= 3
Octagonal Formula: - x_62 + x_55 <= 7
Octagonal Formula: + x_62 + x_3 <= -44
Octagonal Formula: + x_62 - x_14 <= 25
Octagonal Formula: + x_62 + x_22 <= -9
Octagonal Formula: + x_62 + x_45 <= 19
Octagonal Formula: - x_63 + x_33 <= 29
Octagonal Formula: - x_63 + x_34 <= 28
Octagonal Formula: - x_63 - x_35 <= 20
Octagonal Formula: - x_63 - x_51 <= 42
Octagonal Formula: + x_63 - x_2 <= 26
Octagonal Formula: + x_63 + x_28 <= -49
Eliminating variable x_2
Taking inequalities:
Octagonal Formula: + x_25 + x_2 <= -30
Octagonal Formula: + x_63 - x_2 <= 26
To produce this
Octagonal Formula: + x_63 + x_25 <= -4

Taking inequalities:
Octagonal Formula: + x_25 + x_2 <= -30
Octagonal Formula: - x_24 - x_2 <= 44
To produce this
Octagonal Formula: + x_25 - x_24 <= 14

After Eliminating Variable x_2
Octagonal Formula: 0 <= -27
Octagonal Formula: 0 <= 44
Octagonal Formula: - x_3 <= 17
Octagonal Formula: - x_9 + x_6 <= -29
Octagonal Formula: + x_13 - x_8 <= 2
Octagonal Formula: - x_16 - x_4 <= 24
Octagonal Formula: - x_16 + x_6 <= -34
Octagonal Formula: + x_16 - x_5 <= 13
Octagonal Formula: + x_17 + x_1 <= 45
Octagonal Formula: + x_17 - x_16 <= -34
Octagonal Formula: - x_18 + x_15 <= -44
Octagonal Formula: - x_19 - x_18 <= 28
Octagonal Formula: - x_20 + x_18 <= -48
Octagonal Formula: + x_21 + x_17 <= -16
Octagonal Formula: - x_23 - x_22 <= 36
Octagonal Formula: + x_23 + x_19 <= -43
Octagonal Formula: - x_24 - x_23 <= 15
Octagonal Formula: - x_25 + x_16 <= -8
Octagonal Formula: + x_25 - x_24 <= 14
Octagonal Formula: - x_28 + x_3 <= -26
Octagonal Formula: + x_28 + x_16 <= 11
Octagonal Formula: - x_29 + x_6 <= -45
Octagonal Formula: + x_29 + x_7 <= 49
Octagonal Formula: - x_30 + x_20 <= 44
Octagonal Formula: + x_30 - x_14 <= -37
Octagonal Formula: + x_30 - x_24 <= -43
Octagonal Formula: + x_31 - x_9 <= 46
Octagonal Formula: - x_32 + x_7 <= 29
Octagonal Formula: + x_32 + x_6 <= -29
Octagonal Formula: + x_32 - x_26 <= -10
Octagonal Formula: - x_33 + x_1 <= 18
Octagonal Formula: - x_33 - x_4 <= -37
Octagonal Formula: + x_33 - x_20 <= -32
Octagonal Formula: + x_33 + x_21 <= 36
Octagonal Formula: + x_34 - x_30 <= -41
Octagonal Formula: + x_35 + x_28 <= 34
Octagonal Formula: - x_37 - x_32 <= -3
Octagonal Formula: + x_37 + x_24 <= -34
Octagonal Formula: + x_37 - x_26 <= 4
Octagonal Formula: - x_38 - x_22 <= 23
Octagonal Formula: - x_39 + x_24 <= -37
Octagonal Formula: + x_39 + x_13 <= 37
Octagonal Formula: + x_39 + x_17 <= 49
Octagonal Formula: + x_39 + x_28 <= -14
Octagonal Formula: - x_40 + x_14 <= -3
Octagonal Formula: - x_40 + x_27 <= -47
Octagonal Formula: - x_40 - x_31 <= 30
Octagonal Formula: - x_40 - x_32 <= 7
Octagonal Formula: + x_40 - x_5 <= 26
Octagonal Formula: - x_41 + x_29 <= -34
Octagonal Formula: - x_42 - x_9 <= 2
Octagonal Formula: + x_42 + x_6 <= 15
Octagonal Formula: + x_42 - x_12 <= -19
Octagonal Formula: + x_42 + x_24 <= -19
Octagonal Formula: + x_42 - x_36 <= -18
Octagonal Formula: + x_43 + x_8 <= 6
Octagonal Formula: + x_43 + x_17 <= 6
Octagonal Formula: + x_43 + x_40 <= -8
Octagonal Formula: + x_43 - x_41 <= 47
Octagonal Formula: - x_44 + x_13 <= 41
Octagonal Formula: - x_44 - x_18 <= -10
Octagonal Formula: - x_44 - x_19 <= 25
Octagonal Formula: + x_44 + x_17 <= -26
Octagonal Formula: + x_44 + x_20 <= 25
Octagonal Formula: + x_44 + x_40 <= -47
Octagonal Formula: - x_45 - x_41 <= -45
Octagonal Formula: + x_45 + x_3 <= -7
Octagonal Formula: + x_45 + x_13 <= -2
Octagonal Formula: + x_45 - x_40 <= 26
Octagonal Formula: + x_46 + x_14 <= 15
Octagonal Formula: - x_47 + x_3 <= 17
Octagonal Formula: - x_47 - x_19 <= 29
Octagonal Formula: - x_47 - x_29 <= -42
Octagonal Formula: - x_47 - x_44 <= 21
Octagonal Formula: - x_48 + x_8 <= -11
Octagonal Formula: - x_48 + x_20 <= -6
Octagonal Formula: - x_48 + x_27 <= -26
Octagonal Formula: - x_48 - x_28 <= 28
Octagonal Formula: + x_48 - x_7 <= -20
Octagonal Formula: + x_48 - x_42 <= -44
Octagonal Formula: - x_49 + x_7 <= 6
Octagonal Formula: + x_49 + x_34 <= -46
Octagonal Formula: + x_50 + x_31 <= -29
Octagonal Formula: + x_50 - x_47 <= 47
Octagonal Formula: - x_51 + x_5 <= 47
Octagonal Formula: - x_51 - x_19 <= -42
Octagonal Formula: + x_51 + x_39 <= 31
Octagonal Formula: + x_52 - x_22 <= 29
Octagonal Formula: - x_53 + x_17 <= 42
Octagonal Formula: - x_53 - x_27 <= -8
Octagonal Formula: + x_53 + x_29 <= -45
Octagonal Formula: - x_54 + x_17 <= -2
Octagonal Formula: - x_54 + x_41 <= 9
Octagonal Formula: + x_54 - x_16 <= 39
Octagonal Formula: + x_54 - x_24 <= 44
Octagonal Formula: - x_55 + x_53 <= 21
Octagonal Formula: + x_55 - x_7 <= -47
Octagonal Formula: + x_55 - x_13 <= 5
Octagonal Formula: + x_55 - x_52 <= -6
Octagonal Formula: + x_56 - x_22 <= 29
Octagonal Formula: + x_56 + x_53 <= -4
Octagonal Formula: - x_57 - x_12 <= 21
Octagonal Formula: - x_57 + x_23 <= -36
Octagonal Formula: - x_57 - x_48 <= 1
Octagonal Formula: - x_57 + x_48 <= 6
Octagonal Formula: - x_58 - x_24 <= 1
Octagonal Formula: - x_58 + x_27 <= -43
Octagonal Formula: - x_58 - x_30 <= 32
Octagonal Formula: - x_58 - x_48 <= 25
Octagonal Formula: + x_58 + x_22 <= -39
Octagonal Formula: + x_58 - x_34 <= 43
Octagonal Formula: + x_58 + x_42 <= 16
Octagonal Formula: - x_59 - x_15 <= -2
Octagonal Formula: - x_59 + x_16 <= -11
Octagonal Formula: - x_59 - x_18 <= -37
Octagonal Formula: - x_59 - x_37 <= 22
Octagonal Formula: + x_59 + x_1 <= 39
Octagonal Formula: + x_59 - x_5 <= -39
Octagonal Formula: - x_60 - x_16 <= 14
Octagonal Formula: - x_61 - x_27 <= -50
Octagonal Formula: - x_62 - x_9 <= 3
Octagonal Formula: - x_62 + x_55 <= 7
Octagonal Formula: + x_62 + x_3 <= -44
Octagonal Formula: + x_62 - x_14 <= 25
Octagonal Formula: + x_62 + x_22 <= -9
Octagonal Formula: + x_62 + x_45 <= 19
Octagonal Formula: - x_63 + x_33 <= 29
Octagonal Formula: - x_63 + x_34 <= 28
Octagonal Formula: - x_63 - x_35 <= 20
Octagonal Formula: - x_63 - x_51 <= 42
Octagonal Formula: + x_63 + x_25 <= -4
Octagonal Formula: + x_63 + x_28 <= -49
Eliminating variable x_18
Taking inequalities:
Octagonal Formula: - x_20 + x_18 <= -48
Octagonal Formula: - x_44 - x_18 <= -10
To produce this
Octagonal Formula: - x_44 - x_20 <= -58

Taking inequalities:
Octagonal Formula: - x_20 + x_18 <= -48
Octagonal Formula: - x_59 - x_18 <= -37
To produce this
Octagonal Formula: - x_59 - x_20 <= -85

Taking inequalities:
Octagonal Formula: - x_20 + x_18 <= -48
Octagonal Formula: - x_18 + x_15 <= -44
To produce this
Octagonal Formula: - x_20 + x_15 <= -92

Taking inequalities:
Octagonal Formula: - x_20 + x_18 <= -48
Octagonal Formula: - x_19 - x_18 <= 28
To produce this
Octagonal Formula: - x_20 - x_19 <= -20

After Eliminating Variable x_18
Octagonal Formula: 0 <= -27
Octagonal Formula: 0 <= 44
Octagonal Formula: - x_3 <= 17
Octagonal Formula: - x_9 + x_6 <= -29
Octagonal Formula: + x_13 - x_8 <= 2
Octagonal Formula: - x_16 - x_4 <= 24
Octagonal Formula: - x_16 + x_6 <= -34
Octagonal Formula: + x_16 - x_5 <= 13
Octagonal Formula: + x_17 + x_1 <= 45
Octagonal Formula: + x_17 - x_16 <= -34
Octagonal Formula: - x_20 + x_15 <= -92
Octagonal Formula: - x_20 - x_19 <= -20
Octagonal Formula: + x_21 + x_17 <= -16
Octagonal Formula: - x_23 - x_22 <= 36
Octagonal Formula: + x_23 + x_19 <= -43
Octagonal Formula: - x_24 - x_23 <= 15
Octagonal Formula: - x_25 + x_16 <= -8
Octagonal Formula: + x_25 - x_24 <= 14
Octagonal Formula: - x_28 + x_3 <= -26
Octagonal Formula: + x_28 + x_16 <= 11
Octagonal Formula: - x_29 + x_6 <= -45
Octagonal Formula: + x_29 + x_7 <= 49
Octagonal Formula: - x_30 + x_20 <= 44
Octagonal Formula: + x_30 - x_14 <= -37
Octagonal Formula: + x_30 - x_24 <= -43
Octagonal Formula: + x_31 - x_9 <= 46
Octagonal Formula: - x_32 + x_7 <= 29
Octagonal Formula: + x_32 + x_6 <= -29
Octagonal Formula: + x_32 - x_26 <= -10
Octagonal Formula: - x_33 + x_1 <= 18
Octagonal Formula: - x_33 - x_4 <= -37
Octagonal Formula: + x_33 - x_20 <= -32
Octagonal Formula: + x_33 + x_21 <= 36
Octagonal Formula: + x_34 - x_30 <= -41
Octagonal Formula: + x_35 + x_28 <= 34
Octagonal Formula: - x_37 - x_32 <= -3
Octagonal Formula: + x_37 + x_24 <= -34
Octagonal Formula: + x_37 - x_26 <= 4
Octagonal Formula: - x_38 - x_22 <= 23
Octagonal Formula: - x_39 + x_24 <= -37
Octagonal Formula: + x_39 + x_13 <= 37
Octagonal Formula: + x_39 + x_17 <= 49
Octagonal Formula: + x_39 + x_28 <= -14
Octagonal Formula: - x_40 + x_14 <= -3
Octagonal Formula: - x_40 + x_27 <= -47
Octagonal Formula: - x_40 - x_31 <= 30
Octagonal Formula: - x_40 - x_32 <= 7
Octagonal Formula: + x_40 - x_5 <= 26
Octagonal Formula: - x_41 + x_29 <= -34
Octagonal Formula: - x_42 - x_9 <= 2
Octagonal Formula: + x_42 + x_6 <= 15
Octagonal Formula: + x_42 - x_12 <= -19
Octagonal Formula: + x_42 + x_24 <= -19
Octagonal Formula: + x_42 - x_36 <= -18
Octagonal Formula: + x_43 + x_8 <= 6
Octagonal Formula: + x_43 + x_17 <= 6
Octagonal Formula: + x_43 + x_40 <= -8
Octagonal Formula: + x_43 - x_41 <= 47
Octagonal Formula: - x_44 + x_13 <= 41
Octagonal Formula: - x_44 - x_19 <= 25
Octagonal Formula: - x_44 - x_20 <= -58
Octagonal Formula: + x_44 + x_17 <= -26
Octagonal Formula: + x_44 + x_20 <= 25
Octagonal Formula: + x_44 + x_40 <= -47
Octagonal Formula: - x_45 - x_41 <= -45
Octagonal Formula: + x_45 + x_3 <= -7
Octagonal Formula: + x_45 + x_13 <= -2
Octagonal Formula: + x_45 - x_40 <= 26
Octagonal Formula: + x_46 + x_14 <= 15
Octagonal Formula: - x_47 + x_3 <= 17
Octagonal Formula: - x_47 - x_19 <= 29
Octagonal Formula: - x_47 - x_29 <= -42
Octagonal Formula: - x_47 - x_44 <= 21
Octagonal Formula: - x_48 + x_8 <= -11
Octagonal Formula: - x_48 + x_20 <= -6
Octagonal Formula: - x_48 + x_27 <= -26
Octagonal Formula: - x_48 - x_28 <= 28
Octagonal Formula: + x_48 - x_7 <= -20
Octagonal Formula: + x_48 - x_42 <= -44
Octagonal Formula: - x_49 + x_7 <= 6
Octagonal Formula: + x_49 + x_34 <= -46
Octagonal Formula: + x_50 + x_31 <= -29
Octagonal Formula: + x_50 - x_47 <= 47
Octagonal Formula: - x_51 + x_5 <= 47
Octagonal Formula: - x_51 - x_19 <= -42
Octagonal Formula: + x_51 + x_39 <= 31
Octagonal Formula: + x_52 - x_22 <= 29
Octagonal Formula: - x_53 + x_17 <= 42
Octagonal Formula: - x_53 - x_27 <= -8
Octagonal Formula: + x_53 + x_29 <= -45
Octagonal Formula: - x_54 + x_17 <= -2
Octagonal Formula: - x_54 + x_41 <= 9
Octagonal Formula: + x_54 - x_16 <= 39
Octagonal Formula: + x_54 - x_24 <= 44
Octagonal Formula: - x_55 + x_53 <= 21
Octagonal Formula: + x_55 - x_7 <= -47
Octagonal Formula: + x_55 - x_13 <= 5
Octagonal Formula: + x_55 - x_52 <= -6
Octagonal Formula: + x_56 - x_22 <= 29
Octagonal Formula: + x_56 + x_53 <= -4
Octagonal Formula: - x_57 - x_12 <= 21
Octagonal Formula: - x_57 + x_23 <= -36
Octagonal Formula: - x_57 - x_48 <= 1
Octagonal Formula: - x_57 + x_48 <= 6
Octagonal Formula: - x_58 - x_24 <= 1
Octagonal Formula: - x_58 + x_27 <= -43
Octagonal Formula: - x_58 - x_30 <= 32
Octagonal Formula: - x_58 - x_48 <= 25
Octagonal Formula: + x_58 + x_22 <= -39
Octagonal Formula: + x_58 - x_34 <= 43
Octagonal Formula: + x_58 + x_42 <= 16
Octagonal Formula: - x_59 - x_15 <= -2
Octagonal Formula: - x_59 + x_16 <= -11
Octagonal Formula: - x_59 - x_20 <= -85
Octagonal Formula: - x_59 - x_37 <= 22
Octagonal Formula: + x_59 + x_1 <= 39
Octagonal Formula: + x_59 - x_5 <= -39
Octagonal Formula: - x_60 - x_16 <= 14
Octagonal Formula: - x_61 - x_27 <= -50
Octagonal Formula: - x_62 - x_9 <= 3
Octagonal Formula: - x_62 + x_55 <= 7
Octagonal Formula: + x_62 + x_3 <= -44
Octagonal Formula: + x_62 - x_14 <= 25
Octagonal Formula: + x_62 + x_22 <= -9
Octagonal Formula: + x_62 + x_45 <= 19
Octagonal Formula: - x_63 + x_33 <= 29
Octagonal Formula: - x_63 + x_34 <= 28
Octagonal Formula: - x_63 - x_35 <= 20
Octagonal Formula: - x_63 - x_51 <= 42
Octagonal Formula: + x_63 + x_25 <= -4
Octagonal Formula: + x_63 + x_28 <= -49
