Initial Inequalities:
Octagonal Formula: - x_7 <= -8
Octagonal Formula: - x_15 - x_4 <= -10
Octagonal Formula: + x_15 + x_13 <= -2
Octagonal Formula: - x_17 + x_1 <= -32
Octagonal Formula: - x_20 - x_16 <= 11
Octagonal Formula: + x_24 + x_3 <= 5
Octagonal Formula: + x_24 + x_17 <= -20
Octagonal Formula: - x_25 + x_12 <= -47
Octagonal Formula: - x_25 + x_16 <= -6
Octagonal Formula: + x_25 - x_21 <= 9
Octagonal Formula: + x_26 - x_22 <= 37
Octagonal Formula: - x_28 - x_5 <= 21
Octagonal Formula: - x_31 + x_26 <= -41
Octagonal Formula: + x_31 + x_19 <= -17
Octagonal Formula: + x_31 - x_29 <= -33
Octagonal Formula: - x_32 + x_11 <= -13
Octagonal Formula: + x_32 + x_18 <= 32
Octagonal Formula: - x_36 - x_28 <= 31
Octagonal Formula: + x_36 + x_34 <= -10
Octagonal Formula: - x_37 - x_8 <= 33
Octagonal Formula: - x_39 + x_19 <= -7
Octagonal Formula: - x_40 + x_9 <= 47
Octagonal Formula: - x_41 - x_25 <= -26
Octagonal Formula: - x_41 + x_32 <= -49
Octagonal Formula: + x_43 + x_24 <= -24
Octagonal Formula: + x_44 - x_20 <= -5
Octagonal Formula: - x_45 + x_3 <= -10
Octagonal Formula: - x_46 + x_11 <= 31
Octagonal Formula: - x_46 - x_15 <= -15
Octagonal Formula: - x_47 - x_2 <= -50
Octagonal Formula: - x_47 - x_22 <= -12
Octagonal Formula: + x_47 + x_18 <= -38
Octagonal Formula: + x_47 - x_29 <= 41
Octagonal Formula: - x_48 + x_6 <= -6
Octagonal Formula: - x_48 + x_42 <= 30
Octagonal Formula: + x_50 + x_36 <= 49
Octagonal Formula: + x_51 + x_5 <= 17
Octagonal Formula: + x_51 + x_34 <= -22
Octagonal Formula: - x_52 - x_24 <= -6
Octagonal Formula: - x_52 - x_37 <= -21
Octagonal Formula: + x_53 - x_30 <= 40
Octagonal Formula: - x_54 - x_17 <= -39
Octagonal Formula: + x_54 - x_48 <= 33
Octagonal Formula: - x_55 - x_38 <= -50
Octagonal Formula: + x_55 - x_12 <= -36
Octagonal Formula: - x_56 - x_46 <= 16
Octagonal Formula: - x_56 + x_52 <= -45
Octagonal Formula: - x_57 - x_4 <= 48
Octagonal Formula: - x_58 + x_48 <= 16
Octagonal Formula: - x_58 - x_51 <= 0
Octagonal Formula: + x_59 - x_32 <= 40
Octagonal Formula: - x_60 - x_34 <= -14
Octagonal Formula: - x_60 + x_50 <= -45
Octagonal Formula: + x_61 - x_34 <= 8
Octagonal Formula: - x_62 + x_25 <= -37
Octagonal Formula: - x_62 + x_29 <= -50
Octagonal Formula: - x_62 + x_61 <= -19
Octagonal Formula: - x_63 - x_7 <= 27
Octagonal Formula: - x_63 - x_34 <= -9
Octagonal Formula: - x_64 - x_42 <= 35
Octagonal Formula: + x_64 + x_52 <= 2
Octagonal Formula: + x_66 + x_11 <= 5
Octagonal Formula: + x_66 + x_19 <= 19
Octagonal Formula: + x_66 + x_42 <= -45
Octagonal Formula: + x_67 - x_13 <= -27
Octagonal Formula: - x_68 - x_15 <= -24
Octagonal Formula: - x_69 - x_13 <= 35
Octagonal Formula: - x_69 - x_29 <= 25
Octagonal Formula: - x_69 + x_52 <= 38
Octagonal Formula: + x_69 + x_50 <= -42
Octagonal Formula: - x_70 + x_22 <= 1
Octagonal Formula: - x_70 - x_55 <= 37
Octagonal Formula: + x_70 + x_53 <= -24
Octagonal Formula: - x_72 + x_32 <= -4
Octagonal Formula: + x_72 + x_7 <= 8
Octagonal Formula: + x_72 - x_23 <= 29
Octagonal Formula: + x_72 + x_38 <= 24
Octagonal Formula: - x_73 - x_30 <= 32
Octagonal Formula: - x_73 + x_59 <= 5
Octagonal Formula: + x_73 + x_39 <= 25
Octagonal Formula: - x_74 + x_26 <= -33
Octagonal Formula: - x_74 - x_48 <= -48
Octagonal Formula: + x_75 + x_40 <= -10
Octagonal Formula: + x_75 - x_56 <= -47
Octagonal Formula: + x_75 + x_61 <= 10
Octagonal Formula: - x_76 + x_39 <= -8
Octagonal Formula: + x_76 - x_47 <= 19
Octagonal Formula: - x_77 - x_5 <= 27
Octagonal Formula: - x_77 + x_35 <= -29
Octagonal Formula: + x_77 + x_6 <= -39
Octagonal Formula: + x_77 + x_11 <= -33
Octagonal Formula: - x_78 + x_14 <= -48
Octagonal Formula: - x_78 - x_54 <= 49
Octagonal Formula: + x_78 + x_16 <= 24
Octagonal Formula: + x_78 - x_24 <= -13
Octagonal Formula: + x_79 + x_8 <= -22
Octagonal Formula: + x_80 - x_44 <= -33
Octagonal Formula: - x_81 + x_37 <= 46
Octagonal Formula: - x_82 - x_32 <= -48
Octagonal Formula: - x_82 + x_32 <= 0
Octagonal Formula: - x_82 - x_62 <= 7
Octagonal Formula: + x_82 + x_74 <= -35
Octagonal Formula: - x_83 - x_65 <= 4

Eliminating variable x_72
Taking inequalities:
Octagonal Formula: + x_72 + x_7 <= 8
Octagonal Formula: - x_72 + x_32 <= -4
To produce this
Octagonal Formula: + x_32 + x_7 <= 4

Taking inequalities:
Octagonal Formula: + x_72 - x_23 <= 29
Octagonal Formula: - x_72 + x_32 <= -4
To produce this
Octagonal Formula: + x_32 - x_23 <= 25

Taking inequalities:
Octagonal Formula: + x_72 + x_38 <= 24
Octagonal Formula: - x_72 + x_32 <= -4
To produce this
Octagonal Formula: + x_38 + x_32 <= 20

After Eliminating Variable x_72
Octagonal Formula: - x_7 <= -8
Octagonal Formula: - x_15 - x_4 <= -10
Octagonal Formula: + x_15 + x_13 <= -2
Octagonal Formula: - x_17 + x_1 <= -32
Octagonal Formula: - x_20 - x_16 <= 11
Octagonal Formula: + x_24 + x_3 <= 5
Octagonal Formula: + x_24 + x_17 <= -20
Octagonal Formula: - x_25 + x_12 <= -47
Octagonal Formula: - x_25 + x_16 <= -6
Octagonal Formula: + x_25 - x_21 <= 9
Octagonal Formula: + x_26 - x_22 <= 37
Octagonal Formula: - x_28 - x_5 <= 21
Octagonal Formula: - x_31 + x_26 <= -41
Octagonal Formula: + x_31 + x_19 <= -17
Octagonal Formula: + x_31 - x_29 <= -33
Octagonal Formula: - x_32 + x_11 <= -13
Octagonal Formula: + x_32 + x_7 <= 4
Octagonal Formula: + x_32 + x_18 <= 32
Octagonal Formula: + x_32 - x_23 <= 25
Octagonal Formula: - x_36 - x_28 <= 31
Octagonal Formula: + x_36 + x_34 <= -10
Octagonal Formula: - x_37 - x_8 <= 33
Octagonal Formula: + x_38 + x_32 <= 20
Octagonal Formula: - x_39 + x_19 <= -7
Octagonal Formula: - x_40 + x_9 <= 47
Octagonal Formula: - x_41 - x_25 <= -26
Octagonal Formula: - x_41 + x_32 <= -49
Octagonal Formula: + x_43 + x_24 <= -24
Octagonal Formula: + x_44 - x_20 <= -5
Octagonal Formula: - x_45 + x_3 <= -10
Octagonal Formula: - x_46 + x_11 <= 31
Octagonal Formula: - x_46 - x_15 <= -15
Octagonal Formula: - x_47 - x_2 <= -50
Octagonal Formula: - x_47 - x_22 <= -12
Octagonal Formula: + x_47 + x_18 <= -38
Octagonal Formula: + x_47 - x_29 <= 41
Octagonal Formula: - x_48 + x_6 <= -6
Octagonal Formula: - x_48 + x_42 <= 30
Octagonal Formula: + x_50 + x_36 <= 49
Octagonal Formula: + x_51 + x_5 <= 17
Octagonal Formula: + x_51 + x_34 <= -22
Octagonal Formula: - x_52 - x_24 <= -6
Octagonal Formula: - x_52 - x_37 <= -21
Octagonal Formula: + x_53 - x_30 <= 40
Octagonal Formula: - x_54 - x_17 <= -39
Octagonal Formula: + x_54 - x_48 <= 33
Octagonal Formula: - x_55 - x_38 <= -50
Octagonal Formula: + x_55 - x_12 <= -36
Octagonal Formula: - x_56 - x_46 <= 16
Octagonal Formula: - x_56 + x_52 <= -45
Octagonal Formula: - x_57 - x_4 <= 48
Octagonal Formula: - x_58 + x_48 <= 16
Octagonal Formula: - x_58 - x_51 <= 0
Octagonal Formula: + x_59 - x_32 <= 40
Octagonal Formula: - x_60 - x_34 <= -14
Octagonal Formula: - x_60 + x_50 <= -45
Octagonal Formula: + x_61 - x_34 <= 8
Octagonal Formula: - x_62 + x_25 <= -37
Octagonal Formula: - x_62 + x_29 <= -50
Octagonal Formula: - x_62 + x_61 <= -19
Octagonal Formula: - x_63 - x_7 <= 27
Octagonal Formula: - x_63 - x_34 <= -9
Octagonal Formula: - x_64 - x_42 <= 35
Octagonal Formula: + x_64 + x_52 <= 2
Octagonal Formula: + x_66 + x_11 <= 5
Octagonal Formula: + x_66 + x_19 <= 19
Octagonal Formula: + x_66 + x_42 <= -45
Octagonal Formula: + x_67 - x_13 <= -27
Octagonal Formula: - x_68 - x_15 <= -24
Octagonal Formula: - x_69 - x_13 <= 35
Octagonal Formula: - x_69 - x_29 <= 25
Octagonal Formula: - x_69 + x_52 <= 38
Octagonal Formula: + x_69 + x_50 <= -42
Octagonal Formula: - x_70 + x_22 <= 1
Octagonal Formula: - x_70 - x_55 <= 37
Octagonal Formula: + x_70 + x_53 <= -24
Octagonal Formula: - x_73 - x_30 <= 32
Octagonal Formula: - x_73 + x_59 <= 5
Octagonal Formula: + x_73 + x_39 <= 25
Octagonal Formula: - x_74 + x_26 <= -33
Octagonal Formula: - x_74 - x_48 <= -48
Octagonal Formula: + x_75 + x_40 <= -10
Octagonal Formula: + x_75 - x_56 <= -47
Octagonal Formula: + x_75 + x_61 <= 10
Octagonal Formula: - x_76 + x_39 <= -8
Octagonal Formula: + x_76 - x_47 <= 19
Octagonal Formula: - x_77 - x_5 <= 27
Octagonal Formula: - x_77 + x_35 <= -29
Octagonal Formula: + x_77 + x_6 <= -39
Octagonal Formula: + x_77 + x_11 <= -33
Octagonal Formula: - x_78 + x_14 <= -48
Octagonal Formula: - x_78 - x_54 <= 49
Octagonal Formula: + x_78 + x_16 <= 24
Octagonal Formula: + x_78 - x_24 <= -13
Octagonal Formula: + x_79 + x_8 <= -22
Octagonal Formula: + x_80 - x_44 <= -33
Octagonal Formula: - x_81 + x_37 <= 46
Octagonal Formula: - x_82 - x_32 <= -48
Octagonal Formula: - x_82 + x_32 <= 0
Octagonal Formula: - x_82 - x_62 <= 7
Octagonal Formula: + x_82 + x_74 <= -35
Octagonal Formula: - x_83 - x_65 <= 4
Eliminating variable x_36
Taking inequalities:
Octagonal Formula: + x_36 + x_34 <= -10
Octagonal Formula: - x_36 - x_28 <= 31
To produce this
Octagonal Formula: + x_34 - x_28 <= 21

Taking inequalities:
Octagonal Formula: + x_50 + x_36 <= 49
Octagonal Formula: - x_36 - x_28 <= 31
To produce this
Octagonal Formula: + x_50 - x_28 <= 80

After Eliminating Variable x_36
Octagonal Formula: - x_7 <= -8
Octagonal Formula: - x_15 - x_4 <= -10
Octagonal Formula: + x_15 + x_13 <= -2
Octagonal Formula: - x_17 + x_1 <= -32
Octagonal Formula: - x_20 - x_16 <= 11
Octagonal Formula: + x_24 + x_3 <= 5
Octagonal Formula: + x_24 + x_17 <= -20
Octagonal Formula: - x_25 + x_12 <= -47
Octagonal Formula: - x_25 + x_16 <= -6
Octagonal Formula: + x_25 - x_21 <= 9
Octagonal Formula: + x_26 - x_22 <= 37
Octagonal Formula: - x_28 - x_5 <= 21
Octagonal Formula: - x_31 + x_26 <= -41
Octagonal Formula: + x_31 + x_19 <= -17
Octagonal Formula: + x_31 - x_29 <= -33
Octagonal Formula: - x_32 + x_11 <= -13
Octagonal Formula: + x_32 + x_7 <= 4
Octagonal Formula: + x_32 + x_18 <= 32
Octagonal Formula: + x_32 - x_23 <= 25
Octagonal Formula: + x_34 - x_28 <= 21
Octagonal Formula: - x_37 - x_8 <= 33
Octagonal Formula: + x_38 + x_32 <= 20
Octagonal Formula: - x_39 + x_19 <= -7
Octagonal Formula: - x_40 + x_9 <= 47
Octagonal Formula: - x_41 - x_25 <= -26
Octagonal Formula: - x_41 + x_32 <= -49
Octagonal Formula: + x_43 + x_24 <= -24
Octagonal Formula: + x_44 - x_20 <= -5
Octagonal Formula: - x_45 + x_3 <= -10
Octagonal Formula: - x_46 + x_11 <= 31
Octagonal Formula: - x_46 - x_15 <= -15
Octagonal Formula: - x_47 - x_2 <= -50
Octagonal Formula: - x_47 - x_22 <= -12
Octagonal Formula: + x_47 + x_18 <= -38
Octagonal Formula: + x_47 - x_29 <= 41
Octagonal Formula: - x_48 + x_6 <= -6
Octagonal Formula: - x_48 + x_42 <= 30
Octagonal Formula: + x_50 - x_28 <= 80
Octagonal Formula: + x_51 + x_5 <= 17
Octagonal Formula: + x_51 + x_34 <= -22
Octagonal Formula: - x_52 - x_24 <= -6
Octagonal Formula: - x_52 - x_37 <= -21
Octagonal Formula: + x_53 - x_30 <= 40
Octagonal Formula: - x_54 - x_17 <= -39
Octagonal Formula: + x_54 - x_48 <= 33
Octagonal Formula: - x_55 - x_38 <= -50
Octagonal Formula: + x_55 - x_12 <= -36
Octagonal Formula: - x_56 - x_46 <= 16
Octagonal Formula: - x_56 + x_52 <= -45
Octagonal Formula: - x_57 - x_4 <= 48
Octagonal Formula: - x_58 + x_48 <= 16
Octagonal Formula: - x_58 - x_51 <= 0
Octagonal Formula: + x_59 - x_32 <= 40
Octagonal Formula: - x_60 - x_34 <= -14
Octagonal Formula: - x_60 + x_50 <= -45
Octagonal Formula: + x_61 - x_34 <= 8
Octagonal Formula: - x_62 + x_25 <= -37
Octagonal Formula: - x_62 + x_29 <= -50
Octagonal Formula: - x_62 + x_61 <= -19
Octagonal Formula: - x_63 - x_7 <= 27
Octagonal Formula: - x_63 - x_34 <= -9
Octagonal Formula: - x_64 - x_42 <= 35
Octagonal Formula: + x_64 + x_52 <= 2
Octagonal Formula: + x_66 + x_11 <= 5
Octagonal Formula: + x_66 + x_19 <= 19
Octagonal Formula: + x_66 + x_42 <= -45
Octagonal Formula: + x_67 - x_13 <= -27
Octagonal Formula: - x_68 - x_15 <= -24
Octagonal Formula: - x_69 - x_13 <= 35
Octagonal Formula: - x_69 - x_29 <= 25
Octagonal Formula: - x_69 + x_52 <= 38
Octagonal Formula: + x_69 + x_50 <= -42
Octagonal Formula: - x_70 + x_22 <= 1
Octagonal Formula: - x_70 - x_55 <= 37
Octagonal Formula: + x_70 + x_53 <= -24
Octagonal Formula: - x_73 - x_30 <= 32
Octagonal Formula: - x_73 + x_59 <= 5
Octagonal Formula: + x_73 + x_39 <= 25
Octagonal Formula: - x_74 + x_26 <= -33
Octagonal Formula: - x_74 - x_48 <= -48
Octagonal Formula: + x_75 + x_40 <= -10
Octagonal Formula: + x_75 - x_56 <= -47
Octagonal Formula: + x_75 + x_61 <= 10
Octagonal Formula: - x_76 + x_39 <= -8
Octagonal Formula: + x_76 - x_47 <= 19
Octagonal Formula: - x_77 - x_5 <= 27
Octagonal Formula: - x_77 + x_35 <= -29
Octagonal Formula: + x_77 + x_6 <= -39
Octagonal Formula: + x_77 + x_11 <= -33
Octagonal Formula: - x_78 + x_14 <= -48
Octagonal Formula: - x_78 - x_54 <= 49
Octagonal Formula: + x_78 + x_16 <= 24
Octagonal Formula: + x_78 - x_24 <= -13
Octagonal Formula: + x_79 + x_8 <= -22
Octagonal Formula: + x_80 - x_44 <= -33
Octagonal Formula: - x_81 + x_37 <= 46
Octagonal Formula: - x_82 - x_32 <= -48
Octagonal Formula: - x_82 + x_32 <= 0
Octagonal Formula: - x_82 - x_62 <= 7
Octagonal Formula: + x_82 + x_74 <= -35
Octagonal Formula: - x_83 - x_65 <= 4
Eliminating variable x_21
After Eliminating Variable x_21
Octagonal Formula: - x_7 <= -8
Octagonal Formula: - x_15 - x_4 <= -10
Octagonal Formula: + x_15 + x_13 <= -2
Octagonal Formula: - x_17 + x_1 <= -32
Octagonal Formula: - x_20 - x_16 <= 11
Octagonal Formula: + x_24 + x_3 <= 5
Octagonal Formula: + x_24 + x_17 <= -20
Octagonal Formula: - x_25 + x_12 <= -47
Octagonal Formula: - x_25 + x_16 <= -6
Octagonal Formula: + x_26 - x_22 <= 37
Octagonal Formula: - x_28 - x_5 <= 21
Octagonal Formula: - x_31 + x_26 <= -41
Octagonal Formula: + x_31 + x_19 <= -17
Octagonal Formula: + x_31 - x_29 <= -33
Octagonal Formula: - x_32 + x_11 <= -13
Octagonal Formula: + x_32 + x_7 <= 4
Octagonal Formula: + x_32 + x_18 <= 32
Octagonal Formula: + x_32 - x_23 <= 25
Octagonal Formula: + x_34 - x_28 <= 21
Octagonal Formula: - x_37 - x_8 <= 33
Octagonal Formula: + x_38 + x_32 <= 20
Octagonal Formula: - x_39 + x_19 <= -7
Octagonal Formula: - x_40 + x_9 <= 47
Octagonal Formula: - x_41 - x_25 <= -26
Octagonal Formula: - x_41 + x_32 <= -49
Octagonal Formula: + x_43 + x_24 <= -24
Octagonal Formula: + x_44 - x_20 <= -5
Octagonal Formula: - x_45 + x_3 <= -10
Octagonal Formula: - x_46 + x_11 <= 31
Octagonal Formula: - x_46 - x_15 <= -15
Octagonal Formula: - x_47 - x_2 <= -50
Octagonal Formula: - x_47 - x_22 <= -12
Octagonal Formula: + x_47 + x_18 <= -38
Octagonal Formula: + x_47 - x_29 <= 41
Octagonal Formula: - x_48 + x_6 <= -6
Octagonal Formula: - x_48 + x_42 <= 30
Octagonal Formula: + x_50 - x_28 <= 80
Octagonal Formula: + x_51 + x_5 <= 17
Octagonal Formula: + x_51 + x_34 <= -22
Octagonal Formula: - x_52 - x_24 <= -6
Octagonal Formula: - x_52 - x_37 <= -21
Octagonal Formula: + x_53 - x_30 <= 40
Octagonal Formula: - x_54 - x_17 <= -39
Octagonal Formula: + x_54 - x_48 <= 33
Octagonal Formula: - x_55 - x_38 <= -50
Octagonal Formula: + x_55 - x_12 <= -36
Octagonal Formula: - x_56 - x_46 <= 16
Octagonal Formula: - x_56 + x_52 <= -45
Octagonal Formula: - x_57 - x_4 <= 48
Octagonal Formula: - x_58 + x_48 <= 16
Octagonal Formula: - x_58 - x_51 <= 0
Octagonal Formula: + x_59 - x_32 <= 40
Octagonal Formula: - x_60 - x_34 <= -14
Octagonal Formula: - x_60 + x_50 <= -45
Octagonal Formula: + x_61 - x_34 <= 8
Octagonal Formula: - x_62 + x_25 <= -37
Octagonal Formula: - x_62 + x_29 <= -50
Octagonal Formula: - x_62 + x_61 <= -19
Octagonal Formula: - x_63 - x_7 <= 27
Octagonal Formula: - x_63 - x_34 <= -9
Octagonal Formula: - x_64 - x_42 <= 35
Octagonal Formula: + x_64 + x_52 <= 2
Octagonal Formula: + x_66 + x_11 <= 5
Octagonal Formula: + x_66 + x_19 <= 19
Octagonal Formula: + x_66 + x_42 <= -45
Octagonal Formula: + x_67 - x_13 <= -27
Octagonal Formula: - x_68 - x_15 <= -24
Octagonal Formula: - x_69 - x_13 <= 35
Octagonal Formula: - x_69 - x_29 <= 25
Octagonal Formula: - x_69 + x_52 <= 38
Octagonal Formula: + x_69 + x_50 <= -42
Octagonal Formula: - x_70 + x_22 <= 1
Octagonal Formula: - x_70 - x_55 <= 37
Octagonal Formula: + x_70 + x_53 <= -24
Octagonal Formula: - x_73 - x_30 <= 32
Octagonal Formula: - x_73 + x_59 <= 5
Octagonal Formula: + x_73 + x_39 <= 25
Octagonal Formula: - x_74 + x_26 <= -33
Octagonal Formula: - x_74 - x_48 <= -48
Octagonal Formula: + x_75 + x_40 <= -10
Octagonal Formula: + x_75 - x_56 <= -47
Octagonal Formula: + x_75 + x_61 <= 10
Octagonal Formula: - x_76 + x_39 <= -8
Octagonal Formula: + x_76 - x_47 <= 19
Octagonal Formula: - x_77 - x_5 <= 27
Octagonal Formula: - x_77 + x_35 <= -29
Octagonal Formula: + x_77 + x_6 <= -39
Octagonal Formula: + x_77 + x_11 <= -33
Octagonal Formula: - x_78 + x_14 <= -48
Octagonal Formula: - x_78 - x_54 <= 49
Octagonal Formula: + x_78 + x_16 <= 24
Octagonal Formula: + x_78 - x_24 <= -13
Octagonal Formula: + x_79 + x_8 <= -22
Octagonal Formula: + x_80 - x_44 <= -33
Octagonal Formula: - x_81 + x_37 <= 46
Octagonal Formula: - x_82 - x_32 <= -48
Octagonal Formula: - x_82 + x_32 <= 0
Octagonal Formula: - x_82 - x_62 <= 7
Octagonal Formula: + x_82 + x_74 <= -35
Octagonal Formula: - x_83 - x_65 <= 4
