Initial Inequalities:
Octagonal Formula: - x_6 - x_3 <= 47
Octagonal Formula: + x_7 - x_4 <= 2
Octagonal Formula: + x_11 - x_2 <= -22
Octagonal Formula: + x_16 + x_10 <= -47
Octagonal Formula: - x_17 - x_12 <= 33
Octagonal Formula: - x_21 + x_18 <= 28
Octagonal Formula: - x_23 - x_2 <= 8
Octagonal Formula: + x_23 + x_11 <= 29
Octagonal Formula: + x_24 - x_14 <= -6
Octagonal Formula: - x_25 - x_17 <= 21
Octagonal Formula: - x_26 + x_22 <= -4
Octagonal Formula: + x_26 - x_15 <= -39
Octagonal Formula: + x_28 - x_20 <= 15
Octagonal Formula: + x_29 - x_9 <= 0
Octagonal Formula: + x_29 + x_25 <= -9
Octagonal Formula: - x_30 - x_13 <= 25
Octagonal Formula: - x_31 - x_21 <= -19
Octagonal Formula: + x_31 + x_1 <= 26
Octagonal Formula: - x_32 + x_5 <= -21
Octagonal Formula: - x_34 - x_16 <= 4
Octagonal Formula: + x_34 + x_2 <= 6
Octagonal Formula: - x_35 + x_3 <= -30
Octagonal Formula: - x_35 - x_15 <= 10
Octagonal Formula: - x_35 + x_25 <= -48
Octagonal Formula: - x_36 - x_29 <= -30
Octagonal Formula: + x_36 - x_16 <= 17
Octagonal Formula: + x_36 - x_30 <= 21
Octagonal Formula: + x_38 + x_23 <= 20
Octagonal Formula: - x_39 - x_5 <= 22
Octagonal Formula: - x_39 - x_14 <= -12
Octagonal Formula: - x_40 - x_3 <= -3
Octagonal Formula: - x_40 - x_6 <= 16
Octagonal Formula: - x_40 - x_36 <= 24
Octagonal Formula: + x_40 + x_19 <= 27
Octagonal Formula: + x_40 - x_37 <= -10
Octagonal Formula: - x_42 <= -22
Octagonal Formula: + x_43 + x_12 <= 33
Octagonal Formula: + x_43 + x_18 <= -11
Octagonal Formula: + x_43 + x_21 <= 22
Octagonal Formula: + x_44 + x_31 <= -10
Octagonal Formula: + x_45 - x_39 <= 1
Octagonal Formula: - x_46 <= 16
Octagonal Formula: - x_46 - x_5 <= 2
Octagonal Formula: + x_46 - x_20 <= -24
Octagonal Formula: + x_46 - x_36 <= 28
Octagonal Formula: - x_47 + x_24 <= -29
Octagonal Formula: + x_47 - x_6 <= 28
Octagonal Formula: + x_47 - x_14 <= 29
Octagonal Formula: + x_47 - x_31 <= 45
Octagonal Formula: - x_49 - x_44 <= -42
Octagonal Formula: - x_49 - x_45 <= 35
Octagonal Formula: + x_49 + x_8 <= -16
Octagonal Formula: - x_50 - x_23 <= -23
Octagonal Formula: - x_50 - x_38 <= 42
Octagonal Formula: - x_50 + x_44 <= 37
Octagonal Formula: + x_50 - x_35 <= -42
Octagonal Formula: + x_50 - x_38 <= 42
Octagonal Formula: + x_50 + x_43 <= 40
Octagonal Formula: + x_50 + x_44 <= -15
Octagonal Formula: + x_51 + x_45 <= 22
Octagonal Formula: + x_51 - x_48 <= -21
Octagonal Formula: - x_52 + x_28 <= -5
Octagonal Formula: + x_52 + x_6 <= -17
Octagonal Formula: + x_53 + x_13 <= -42
Octagonal Formula: + x_53 - x_39 <= 17
Octagonal Formula: - x_54 + x_26 <= -48
Octagonal Formula: - x_54 + x_49 <= -8
Octagonal Formula: + x_55 + x_6 <= -42
Octagonal Formula: + x_55 + x_40 <= 12
Octagonal Formula: - x_57 + x_23 <= 48
Octagonal Formula: - x_57 - x_54 <= -24
Octagonal Formula: - x_58 + x_11 <= -15
Octagonal Formula: - x_58 + x_30 <= -22
Octagonal Formula: - x_58 - x_53 <= 13
Octagonal Formula: + x_58 + x_2 <= 1
Octagonal Formula: + x_58 + x_21 <= -50
Octagonal Formula: - x_61 - x_20 <= 20
Octagonal Formula: - x_61 - x_29 <= 43
Octagonal Formula: - x_61 - x_34 <= -39
Octagonal Formula: + x_61 - x_21 <= -41
Octagonal Formula: + x_61 - x_45 <= 20
Octagonal Formula: + x_61 - x_49 <= -23
Octagonal Formula: - x_62 + x_33 <= -18
Octagonal Formula: - x_62 + x_37 <= 35
Octagonal Formula: + x_62 - x_48 <= 36
Octagonal Formula: - x_63 + x_9 <= -4
Octagonal Formula: - x_63 - x_50 <= 13
Octagonal Formula: - x_63 - x_56 <= -34
Octagonal Formula: + x_63 - x_34 <= 19
Octagonal Formula: + x_63 + x_39 <= -37
Octagonal Formula: + x_63 + x_44 <= -26
Octagonal Formula: + x_63 - x_54 <= 46
Octagonal Formula: - x_64 + x_7 <= 42
Octagonal Formula: + x_64 + x_13 <= 10
Octagonal Formula: + x_64 + x_49 <= -3
Octagonal Formula: + x_65 + x_19 <= 38
Octagonal Formula: + x_65 - x_44 <= 21
Octagonal Formula: - x_66 + x_48 <= 45
Octagonal Formula: + x_66 + x_23 <= -18
Octagonal Formula: + x_66 + x_34 <= -49
Octagonal Formula: - x_67 - x_27 <= -44
Octagonal Formula: + x_67 - x_17 <= 42
Octagonal Formula: + x_67 + x_63 <= -45
Octagonal Formula: - x_68 + x_18 <= -9
Octagonal Formula: - x_68 + x_32 <= -12
Octagonal Formula: + x_68 - x_15 <= -42
Octagonal Formula: + x_68 + x_29 <= -16
Octagonal Formula: + x_68 + x_32 <= 22
Octagonal Formula: - x_69 - x_6 <= -2
Octagonal Formula: - x_69 + x_32 <= 46
Octagonal Formula: - x_69 - x_46 <= 18
Octagonal Formula: - x_69 - x_67 <= 16
Octagonal Formula: + x_69 + x_14 <= -9
Octagonal Formula: + x_69 + x_35 <= -35
Octagonal Formula: - x_70 + x_1 <= 0
Octagonal Formula: - x_70 - x_18 <= 31
Octagonal Formula: + x_71 + x_22 <= -46
Octagonal Formula: + x_71 + x_52 <= 47
Octagonal Formula: - x_72 + x_13 <= 6
Octagonal Formula: - x_72 - x_40 <= 4
Octagonal Formula: - x_74 + x_70 <= 36
Octagonal Formula: + x_74 - x_46 <= -45
Octagonal Formula: - x_75 + x_64 <= -45
Octagonal Formula: + x_75 - x_12 <= 46
Octagonal Formula: + x_75 + x_45 <= 24
Octagonal Formula: - x_76 + x_29 <= 27
Octagonal Formula: + x_76 + x_1 <= 5
Octagonal Formula: + x_76 + x_18 <= -35
Octagonal Formula: + x_76 + x_74 <= -6
Octagonal Formula: - x_77 - x_50 <= 42
Octagonal Formula: - x_77 + x_75 <= -15
Octagonal Formula: - x_78 - x_20 <= 26
Octagonal Formula: - x_78 - x_27 <= 2
Octagonal Formula: + x_78 + x_14 <= -13
Octagonal Formula: - x_79 - x_46 <= -23
Octagonal Formula: - x_79 - x_70 <= -39
Octagonal Formula: - x_80 + x_19 <= 2
Octagonal Formula: - x_80 - x_43 <= -32
Octagonal Formula: - x_80 - x_62 <= 2
Octagonal Formula: + x_80 + x_62 <= 34
Octagonal Formula: - x_81 - x_38 <= -8
Octagonal Formula: + x_81 + x_2 <= 0
Octagonal Formula: + x_81 - x_41 <= -17
Octagonal Formula: + x_81 + x_44 <= 16
Octagonal Formula: - x_82 + x_21 <= 3
Octagonal Formula: - x_82 + x_23 <= 34
Octagonal Formula: - x_82 - x_44 <= 26
Octagonal Formula: - x_83 - x_7 <= 9
Octagonal Formula: - x_83 - x_22 <= 20
Octagonal Formula: - x_83 + x_29 <= -45
Octagonal Formula: - x_83 + x_35 <= 43
Octagonal Formula: - x_83 + x_49 <= 5
Octagonal Formula: + x_83 - x_12 <= 5
Octagonal Formula: + x_83 - x_14 <= 2
Octagonal Formula: + x_83 - x_24 <= -33
Octagonal Formula: - x_84 + x_36 <= -10
Octagonal Formula: - x_84 - x_53 <= 21
Octagonal Formula: - x_84 + x_75 <= 29
Octagonal Formula: + x_84 - x_4 <= 46
Octagonal Formula: - x_85 - x_21 <= -7
Octagonal Formula: - x_85 - x_53 <= 4
Octagonal Formula: - x_86 - x_73 <= -17
Octagonal Formula: + x_86 - x_19 <= -21
Octagonal Formula: - x_87 + x_65 <= -18
Octagonal Formula: + x_87 + x_35 <= -5
Octagonal Formula: + x_87 + x_80 <= -7
Octagonal Formula: - x_88 + x_13 <= 23
Octagonal Formula: - x_88 - x_38 <= 46
Octagonal Formula: - x_88 + x_61 <= -1
Octagonal Formula: + x_88 + x_1 <= 13
Octagonal Formula: + x_88 + x_80 <= 26
Octagonal Formula: - x_89 + x_73 <= 42
Octagonal Formula: - x_90 - x_29 <= -5
Octagonal Formula: + x_90 - x_59 <= 47
Octagonal Formula: + x_90 + x_72 <= -9
Octagonal Formula: - x_91 + x_23 <= -1
Octagonal Formula: + x_91 - x_35 <= 46
Octagonal Formula: - x_92 + x_15 <= 20
Octagonal Formula: - x_92 + x_81 <= 24
Octagonal Formula: + x_92 - x_50 <= -18

Eliminating variable x_58
Taking inequalities:
Octagonal Formula: + x_58 + x_21 <= -50
Octagonal Formula: - x_58 + x_11 <= -15
To produce this
Octagonal Formula: + x_21 + x_11 <= -65

Taking inequalities:
Octagonal Formula: + x_58 + x_21 <= -50
Octagonal Formula: - x_58 - x_53 <= 13
To produce this
Octagonal Formula: - x_53 + x_21 <= -37

Taking inequalities:
Octagonal Formula: + x_58 + x_21 <= -50
Octagonal Formula: - x_58 + x_30 <= -22
To produce this
Octagonal Formula: + x_30 + x_21 <= -72

Taking inequalities:
Octagonal Formula: + x_58 + x_2 <= 1
Octagonal Formula: - x_58 + x_11 <= -15
To produce this
Octagonal Formula: + x_11 + x_2 <= -14

Taking inequalities:
Octagonal Formula: + x_58 + x_2 <= 1
Octagonal Formula: - x_58 - x_53 <= 13
To produce this
Octagonal Formula: - x_53 + x_2 <= 14

Taking inequalities:
Octagonal Formula: + x_58 + x_2 <= 1
Octagonal Formula: - x_58 + x_30 <= -22
To produce this
Octagonal Formula: + x_30 + x_2 <= -21

After Eliminating Variable x_58
Octagonal Formula: - x_6 - x_3 <= 47
Octagonal Formula: + x_7 - x_4 <= 2
Octagonal Formula: + x_11 - x_2 <= -22
Octagonal Formula: + x_11 + x_2 <= -14
Octagonal Formula: + x_16 + x_10 <= -47
Octagonal Formula: - x_17 - x_12 <= 33
Octagonal Formula: - x_21 + x_18 <= 28
Octagonal Formula: + x_21 + x_11 <= -65
Octagonal Formula: - x_23 - x_2 <= 8
Octagonal Formula: + x_23 + x_11 <= 29
Octagonal Formula: + x_24 - x_14 <= -6
Octagonal Formula: - x_25 - x_17 <= 21
Octagonal Formula: - x_26 + x_22 <= -4
Octagonal Formula: + x_26 - x_15 <= -39
Octagonal Formula: + x_28 - x_20 <= 15
Octagonal Formula: + x_29 - x_9 <= 0
Octagonal Formula: + x_29 + x_25 <= -9
Octagonal Formula: - x_30 - x_13 <= 25
Octagonal Formula: + x_30 + x_2 <= -21
Octagonal Formula: + x_30 + x_21 <= -72
Octagonal Formula: - x_31 - x_21 <= -19
Octagonal Formula: + x_31 + x_1 <= 26
Octagonal Formula: - x_32 + x_5 <= -21
Octagonal Formula: - x_34 - x_16 <= 4
Octagonal Formula: + x_34 + x_2 <= 6
Octagonal Formula: - x_35 + x_3 <= -30
Octagonal Formula: - x_35 - x_15 <= 10
Octagonal Formula: - x_35 + x_25 <= -48
Octagonal Formula: - x_36 - x_29 <= -30
Octagonal Formula: + x_36 - x_16 <= 17
Octagonal Formula: + x_36 - x_30 <= 21
Octagonal Formula: + x_38 + x_23 <= 20
Octagonal Formula: - x_39 - x_5 <= 22
Octagonal Formula: - x_39 - x_14 <= -12
Octagonal Formula: - x_40 - x_3 <= -3
Octagonal Formula: - x_40 - x_6 <= 16
Octagonal Formula: - x_40 - x_36 <= 24
Octagonal Formula: + x_40 + x_19 <= 27
Octagonal Formula: + x_40 - x_37 <= -10
Octagonal Formula: - x_42 <= -22
Octagonal Formula: + x_43 + x_12 <= 33
Octagonal Formula: + x_43 + x_18 <= -11
Octagonal Formula: + x_43 + x_21 <= 22
Octagonal Formula: + x_44 + x_31 <= -10
Octagonal Formula: + x_45 - x_39 <= 1
Octagonal Formula: - x_46 <= 16
Octagonal Formula: - x_46 - x_5 <= 2
Octagonal Formula: + x_46 - x_20 <= -24
Octagonal Formula: + x_46 - x_36 <= 28
Octagonal Formula: - x_47 + x_24 <= -29
Octagonal Formula: + x_47 - x_6 <= 28
Octagonal Formula: + x_47 - x_14 <= 29
Octagonal Formula: + x_47 - x_31 <= 45
Octagonal Formula: - x_49 - x_44 <= -42
Octagonal Formula: - x_49 - x_45 <= 35
Octagonal Formula: + x_49 + x_8 <= -16
Octagonal Formula: - x_50 - x_23 <= -23
Octagonal Formula: - x_50 - x_38 <= 42
Octagonal Formula: - x_50 + x_44 <= 37
Octagonal Formula: + x_50 - x_35 <= -42
Octagonal Formula: + x_50 - x_38 <= 42
Octagonal Formula: + x_50 + x_43 <= 40
Octagonal Formula: + x_50 + x_44 <= -15
Octagonal Formula: + x_51 + x_45 <= 22
Octagonal Formula: + x_51 - x_48 <= -21
Octagonal Formula: - x_52 + x_28 <= -5
Octagonal Formula: + x_52 + x_6 <= -17
Octagonal Formula: - x_53 + x_2 <= 14
Octagonal Formula: - x_53 + x_21 <= -37
Octagonal Formula: + x_53 + x_13 <= -42
Octagonal Formula: + x_53 - x_39 <= 17
Octagonal Formula: - x_54 + x_26 <= -48
Octagonal Formula: - x_54 + x_49 <= -8
Octagonal Formula: + x_55 + x_6 <= -42
Octagonal Formula: + x_55 + x_40 <= 12
Octagonal Formula: - x_57 + x_23 <= 48
Octagonal Formula: - x_57 - x_54 <= -24
Octagonal Formula: - x_61 - x_20 <= 20
Octagonal Formula: - x_61 - x_29 <= 43
Octagonal Formula: - x_61 - x_34 <= -39
Octagonal Formula: + x_61 - x_21 <= -41
Octagonal Formula: + x_61 - x_45 <= 20
Octagonal Formula: + x_61 - x_49 <= -23
Octagonal Formula: - x_62 + x_33 <= -18
Octagonal Formula: - x_62 + x_37 <= 35
Octagonal Formula: + x_62 - x_48 <= 36
Octagonal Formula: - x_63 + x_9 <= -4
Octagonal Formula: - x_63 - x_50 <= 13
Octagonal Formula: - x_63 - x_56 <= -34
Octagonal Formula: + x_63 - x_34 <= 19
Octagonal Formula: + x_63 + x_39 <= -37
Octagonal Formula: + x_63 + x_44 <= -26
Octagonal Formula: + x_63 - x_54 <= 46
Octagonal Formula: - x_64 + x_7 <= 42
Octagonal Formula: + x_64 + x_13 <= 10
Octagonal Formula: + x_64 + x_49 <= -3
Octagonal Formula: + x_65 + x_19 <= 38
Octagonal Formula: + x_65 - x_44 <= 21
Octagonal Formula: - x_66 + x_48 <= 45
Octagonal Formula: + x_66 + x_23 <= -18
Octagonal Formula: + x_66 + x_34 <= -49
Octagonal Formula: - x_67 - x_27 <= -44
Octagonal Formula: + x_67 - x_17 <= 42
Octagonal Formula: + x_67 + x_63 <= -45
Octagonal Formula: - x_68 + x_18 <= -9
Octagonal Formula: - x_68 + x_32 <= -12
Octagonal Formula: + x_68 - x_15 <= -42
Octagonal Formula: + x_68 + x_29 <= -16
Octagonal Formula: + x_68 + x_32 <= 22
Octagonal Formula: - x_69 - x_6 <= -2
Octagonal Formula: - x_69 + x_32 <= 46
Octagonal Formula: - x_69 - x_46 <= 18
Octagonal Formula: - x_69 - x_67 <= 16
Octagonal Formula: + x_69 + x_14 <= -9
Octagonal Formula: + x_69 + x_35 <= -35
Octagonal Formula: - x_70 + x_1 <= 0
Octagonal Formula: - x_70 - x_18 <= 31
Octagonal Formula: + x_71 + x_22 <= -46
Octagonal Formula: + x_71 + x_52 <= 47
Octagonal Formula: - x_72 + x_13 <= 6
Octagonal Formula: - x_72 - x_40 <= 4
Octagonal Formula: - x_74 + x_70 <= 36
Octagonal Formula: + x_74 - x_46 <= -45
Octagonal Formula: - x_75 + x_64 <= -45
Octagonal Formula: + x_75 - x_12 <= 46
Octagonal Formula: + x_75 + x_45 <= 24
Octagonal Formula: - x_76 + x_29 <= 27
Octagonal Formula: + x_76 + x_1 <= 5
Octagonal Formula: + x_76 + x_18 <= -35
Octagonal Formula: + x_76 + x_74 <= -6
Octagonal Formula: - x_77 - x_50 <= 42
Octagonal Formula: - x_77 + x_75 <= -15
Octagonal Formula: - x_78 - x_20 <= 26
Octagonal Formula: - x_78 - x_27 <= 2
Octagonal Formula: + x_78 + x_14 <= -13
Octagonal Formula: - x_79 - x_46 <= -23
Octagonal Formula: - x_79 - x_70 <= -39
Octagonal Formula: - x_80 + x_19 <= 2
Octagonal Formula: - x_80 - x_43 <= -32
Octagonal Formula: - x_80 - x_62 <= 2
Octagonal Formula: + x_80 + x_62 <= 34
Octagonal Formula: - x_81 - x_38 <= -8
Octagonal Formula: + x_81 + x_2 <= 0
Octagonal Formula: + x_81 - x_41 <= -17
Octagonal Formula: + x_81 + x_44 <= 16
Octagonal Formula: - x_82 + x_21 <= 3
Octagonal Formula: - x_82 + x_23 <= 34
Octagonal Formula: - x_82 - x_44 <= 26
Octagonal Formula: - x_83 - x_7 <= 9
Octagonal Formula: - x_83 - x_22 <= 20
Octagonal Formula: - x_83 + x_29 <= -45
Octagonal Formula: - x_83 + x_35 <= 43
Octagonal Formula: - x_83 + x_49 <= 5
Octagonal Formula: + x_83 - x_12 <= 5
Octagonal Formula: + x_83 - x_14 <= 2
Octagonal Formula: + x_83 - x_24 <= -33
Octagonal Formula: - x_84 + x_36 <= -10
Octagonal Formula: - x_84 - x_53 <= 21
Octagonal Formula: - x_84 + x_75 <= 29
Octagonal Formula: + x_84 - x_4 <= 46
Octagonal Formula: - x_85 - x_21 <= -7
Octagonal Formula: - x_85 - x_53 <= 4
Octagonal Formula: - x_86 - x_73 <= -17
Octagonal Formula: + x_86 - x_19 <= -21
Octagonal Formula: - x_87 + x_65 <= -18
Octagonal Formula: + x_87 + x_35 <= -5
Octagonal Formula: + x_87 + x_80 <= -7
Octagonal Formula: - x_88 + x_13 <= 23
Octagonal Formula: - x_88 - x_38 <= 46
Octagonal Formula: - x_88 + x_61 <= -1
Octagonal Formula: + x_88 + x_1 <= 13
Octagonal Formula: + x_88 + x_80 <= 26
Octagonal Formula: - x_89 + x_73 <= 42
Octagonal Formula: - x_90 - x_29 <= -5
Octagonal Formula: + x_90 - x_59 <= 47
Octagonal Formula: + x_90 + x_72 <= -9
Octagonal Formula: - x_91 + x_23 <= -1
Octagonal Formula: + x_91 - x_35 <= 46
Octagonal Formula: - x_92 + x_15 <= 20
Octagonal Formula: - x_92 + x_81 <= 24
Octagonal Formula: + x_92 - x_50 <= -18
